Using pre-set license
Built from '2022.3/release' branch; Version is '2022.3.0f1 (fb119bb0b476) revision 16454043'; Using compiler version '192829333'; Build Type 'Release'
OS: 'Windows 11  (10.0.26100) 64bit CoreSingleLanguage' Language: 'pt' Physical Memory: 24489 MB
BatchMode: 1, IsHumanControllingUs: 0, StartBugReporterOnCrash: 0, Is64bit: 1, IsPro: 1

COMMAND LINE ARGUMENTS:
C:\Program Files\Unity\Hub\Editor\2022.3.0f1\Editor\Unity.exe
-adb2
-batchMode
-noUpm
-name
AssetImportWorker0
-projectPath
C:/Users/ojona/Documents/O-defile/O Desfile
-logFile
Logs/AssetImportWorker0.log
-srvPort
58774
Successfully changed project path to: C:/Users/ojona/Documents/O-defile/O Desfile
C:/Users/ojona/Documents/O-defile/O Desfile
[UnityMemory] Configuration Parameters - Can be set up in boot.config
    "memorysetup-bucket-allocator-granularity=16"
    "memorysetup-bucket-allocator-bucket-count=8"
    "memorysetup-bucket-allocator-block-size=33554432"
    "memorysetup-bucket-allocator-block-count=8"
    "memorysetup-main-allocator-block-size=16777216"
    "memorysetup-thread-allocator-block-size=16777216"
    "memorysetup-gfx-main-allocator-block-size=16777216"
    "memorysetup-gfx-thread-allocator-block-size=16777216"
    "memorysetup-cache-allocator-block-size=4194304"
    "memorysetup-typetree-allocator-block-size=2097152"
    "memorysetup-profiler-bucket-allocator-granularity=16"
    "memorysetup-profiler-bucket-allocator-bucket-count=8"
    "memorysetup-profiler-bucket-allocator-block-size=33554432"
    "memorysetup-profiler-bucket-allocator-block-count=8"
    "memorysetup-profiler-allocator-block-size=16777216"
    "memorysetup-profiler-editor-allocator-block-size=1048576"
    "memorysetup-temp-allocator-size-main=16777216"
    "memorysetup-job-temp-allocator-block-size=2097152"
    "memorysetup-job-temp-allocator-block-size-background=1048576"
    "memorysetup-job-temp-allocator-reduction-small-platforms=262144"
    "memorysetup-allocator-temp-initial-block-size-main=262144"
    "memorysetup-allocator-temp-initial-block-size-worker=262144"
    "memorysetup-temp-allocator-size-background-worker=32768"
    "memorysetup-temp-allocator-size-job-worker=262144"
    "memorysetup-temp-allocator-size-preload-manager=33554432"
    "memorysetup-temp-allocator-size-nav-mesh-worker=65536"
    "memorysetup-temp-allocator-size-audio-worker=65536"
    "memorysetup-temp-allocator-size-cloud-worker=32768"
    "memorysetup-temp-allocator-size-gi-baking-worker=262144"
    "memorysetup-temp-allocator-size-gfx=262144"
Player connection [17508] Host "[IP] 192.168.0.22 [Port] 0 [Flags] 2 [Guid] 1535605267 [EditorId] 1535605267 [Version] 1048832 [Id] WindowsEditor(7,WhoppDev) [Debug] 1 [PackageName] WindowsEditor [ProjectName] Editor" joined multi-casting on [225.0.0.222:54997]...

Player connection [17508] Host "[IP] 192.168.0.22 [Port] 0 [Flags] 2 [Guid] 1535605267 [EditorId] 1535605267 [Version] 1048832 [Id] WindowsEditor(7,WhoppDev) [Debug] 1 [PackageName] WindowsEditor [ProjectName] Editor" joined alternative multi-casting on [225.0.0.222:34997]...

Refreshing native plugins compatible for Editor in 10.29 ms, found 3 plugins.
Preloading 0 native plugins for Editor in 0.00 ms.
Initialize engine version: 2022.3.0f1 (fb119bb0b476)
[Subsystems] Discovering subsystems at path C:/Program Files/Unity/Hub/Editor/2022.3.0f1/Editor/Data/Resources/UnitySubsystems
[Subsystems] Discovering subsystems at path C:/Users/ojona/Documents/O-defile/O Desfile/Assets
GfxDevice: creating device client; threaded=0; jobified=0
Direct3D:
    Version:  Direct3D 11.0 [level 11.1]
    Renderer: NVIDIA GeForce RTX 3050 (ID=0x2507)
    Vendor:   NVIDIA
    VRAM:     8042 MB
    Driver:   32.0.15.7216
Initialize mono
Mono path[0] = 'C:/Program Files/Unity/Hub/Editor/2022.3.0f1/Editor/Data/Managed'
Mono path[1] = 'C:/Program Files/Unity/Hub/Editor/2022.3.0f1/Editor/Data/MonoBleedingEdge/lib/mono/unityjit-win32'
Mono config path = 'C:/Program Files/Unity/Hub/Editor/2022.3.0f1/Editor/Data/MonoBleedingEdge/etc'
Using monoOptions --debugger-agent=transport=dt_socket,embedding=1,server=y,suspend=n,address=127.0.0.1:56668
Begin MonoManager ReloadAssembly
Registering precompiled unity dll's ...
Register platform support module: C:/Program Files/Unity/Hub/Editor/2022.3.0f1/Editor/Data/PlaybackEngines/WebGLSupport/UnityEditor.WebGL.Extensions.dll
Register platform support module: C:/Program Files/Unity/Hub/Editor/2022.3.0f1/Editor/Data/PlaybackEngines/AndroidPlayer/UnityEditor.Android.Extensions.dll
Register platform support module: C:/Program Files/Unity/Hub/Editor/2022.3.0f1/Editor/Data/PlaybackEngines/iOSSupport/UnityEditor.iOS.Extensions.dll
Register platform support module: C:/Program Files/Unity/Hub/Editor/2022.3.0f1/Editor/Data/PlaybackEngines/WindowsStandaloneSupport/UnityEditor.WindowsStandalone.Extensions.dll
Registered in 0.013390 seconds.
- Loaded All Assemblies, in  0.380 seconds
Native extension for WindowsStandalone target not found
[usbmuxd] Start listen thread
[usbmuxd] Listen thread started
[usbmuxd] Send listen message
Native extension for iOS target not found
Native extension for Android target not found
Android Extension - Scanning For ADB Devices 357 ms
Native extension for WebGL target not found
Mono: successfully reloaded assembly
- Finished resetting the current domain, in  0.672 seconds
Domain Reload Profiling: 1049ms
	BeginReloadAssembly (96ms)
		ExecutionOrderSort (0ms)
		DisableScriptedObjects (0ms)
		BackupInstance (0ms)
		ReleaseScriptingObjects (0ms)
		CreateAndSetChildDomain (1ms)
	RebuildCommonClasses (39ms)
	RebuildNativeTypeToScriptingClass (11ms)
	initialDomainReloadingComplete (70ms)
	LoadAllAssembliesAndSetupDomain (162ms)
		LoadAssemblies (94ms)
		RebuildTransferFunctionScriptingTraits (0ms)
		AnalyzeDomain (153ms)
			TypeCache.Refresh (152ms)
				TypeCache.ScanAssembly (141ms)
			ScanForSourceGeneratedMonoScriptInfo (1ms)
			ResolveRequiredComponents (0ms)
	FinalizeReload (672ms)
		ReleaseScriptCaches (0ms)
		RebuildScriptCaches (0ms)
		SetupLoadedEditorAssemblies (615ms)
			LogAssemblyErrors (0ms)
			InitializePlatformSupportModulesInManaged (482ms)
			SetLoadedEditorAssemblies (4ms)
			RefreshPlugins (0ms)
			BeforeProcessingInitializeOnLoad (2ms)
			ProcessInitializeOnLoadAttributes (88ms)
			ProcessInitializeOnLoadMethodAttributes (39ms)
			AfterProcessingInitializeOnLoad (0ms)
			EditorAssembliesLoaded (0ms)
		ExecutionOrderSort2 (0ms)
		AwakeInstancesAfterBackupRestoration (0ms)
========================================================================
Worker process is ready to serve import requests
Begin MonoManager ReloadAssembly
Symbol file LoadedFromMemory doesn't match image C:\Users\ojona\Documents\O-defile\O Desfile\Library\PackageCache\com.unity.visualscripting@1.8.0\Editor\VisualScripting.Core\Dependencies\YamlDotNet\Unity.VisualScripting.YamlDotNet.dll
Symbol file LoadedFromMemory doesn't match image C:\Users\ojona\Documents\O-defile\O Desfile\Library\PackageCache\com.unity.visualscripting@1.8.0\Editor\VisualScripting.Core\Dependencies\DotNetZip\Unity.VisualScripting.IonicZip.dll
- Loaded All Assemblies, in  0.961 seconds
Refreshing native plugins compatible for Editor in 3.99 ms, found 3 plugins.
Native extension for WindowsStandalone target not found
Native extension for iOS target not found
Native extension for Android target not found
Native extension for WebGL target not found
Mono: successfully reloaded assembly
- Finished resetting the current domain, in  0.564 seconds
Domain Reload Profiling: 1522ms
	BeginReloadAssembly (128ms)
		ExecutionOrderSort (0ms)
		DisableScriptedObjects (5ms)
		BackupInstance (0ms)
		ReleaseScriptingObjects (0ms)
		CreateAndSetChildDomain (25ms)
	RebuildCommonClasses (36ms)
	RebuildNativeTypeToScriptingClass (12ms)
	initialDomainReloadingComplete (43ms)
	LoadAllAssembliesAndSetupDomain (739ms)
		LoadAssemblies (484ms)
		RebuildTransferFunctionScriptingTraits (0ms)
		AnalyzeDomain (311ms)
			TypeCache.Refresh (292ms)
				TypeCache.ScanAssembly (278ms)
			ScanForSourceGeneratedMonoScriptInfo (13ms)
			ResolveRequiredComponents (5ms)
	FinalizeReload (564ms)
		ReleaseScriptCaches (0ms)
		RebuildScriptCaches (0ms)
		SetupLoadedEditorAssemblies (416ms)
			LogAssemblyErrors (0ms)
			InitializePlatformSupportModulesInManaged (37ms)
			SetLoadedEditorAssemblies (3ms)
			RefreshPlugins (0ms)
			BeforeProcessingInitializeOnLoad (62ms)
			ProcessInitializeOnLoadAttributes (285ms)
			ProcessInitializeOnLoadMethodAttributes (20ms)
			AfterProcessingInitializeOnLoad (9ms)
			EditorAssembliesLoaded (0ms)
		ExecutionOrderSort2 (0ms)
		AwakeInstancesAfterBackupRestoration (5ms)
Launched and connected shader compiler UnityShaderCompiler.exe after 0.08 seconds
Refreshing native plugins compatible for Editor in 4.47 ms, found 3 plugins.
Preloading 0 native plugins for Editor in 0.00 ms.
Unloading 3300 Unused Serialized files (Serialized files now loaded: 0)
Unloading 42 unused Assets / (129.9 KB). Loaded Objects now: 3767.
Memory consumption went from 132.6 MB to 132.5 MB.
Total: 3.275700 ms (FindLiveObjects: 0.311800 ms CreateObjectMapping: 0.092300 ms MarkObjects: 2.738800 ms  DeleteObjects: 0.131800 ms)

AssetImportParameters requested are different than current active one (requested -> active):
  custom:container-demuxer-ogg: 62fdf1f143b41e24485cea50d1cbac27 -> 
  custom:video-decoder-ogg-theora: a1e56fd34408186e4bbccfd4996cb3dc -> 
  custom:framework-win-MediaFoundation: 216162199b28c13a410421893ffa2e32 -> 
  custom:container-demuxer-webm: 4f35f7cbe854078d1ac9338744f61a02 -> 
  custom:container-muxer-webm: aa71ff27fc2769a1b78a27578f13a17b -> 
  custom:video-decoder-webm-vp8: 9c59270c3fd7afecdb556c50c9e8de78 -> 
  custom:AudioImporter_EditorPlatform: d09bf68614088b80899f8185d706f6e7 -> 
  custom:video-encoder-webm-vp8: eb34c28f22e8b96e1ab97ce403110664 -> 
  custom:audio-decoder-ogg-vorbis: bf7c407c2cedff20999df2af8eb42d56 -> 
  custom:audio-encoder-webm-vorbis: bf7c407c2cedff20999df2af8eb42d56 -> 
========================================================================
Received Import Request.
  Time since last request: 35581.834193 seconds.
  path: Assets/SimpleSky/Scenes/SimpleSky_Demo.unity
  artifactKey: Guid(3e3c2fd638fedb74b80ab284a7e4267e) Importer(815301076,1909f56bfc062723c751e8b465ee728b)
Start importing Assets/SimpleSky/Scenes/SimpleSky_Demo.unity using Guid(3e3c2fd638fedb74b80ab284a7e4267e) Importer(815301076,1909f56bfc062723c751e8b465ee728b)  -> (artifact id: 'ced036090949fcf973a0ac8e68daf673') in 0.002815 seconds
Number of updated asset objects reloaded before import = 0
Number of asset objects unloaded after import = 0
========================================================================
Received Import Request.
  Time since last request: 14.547623 seconds.
  path: Assets/Scenes
  artifactKey: Guid(af5fe5502b849ae4abbe1bbb25f35d3e) Importer(815301076,1909f56bfc062723c751e8b465ee728b)
Start importing Assets/Scenes using Guid(af5fe5502b849ae4abbe1bbb25f35d3e) Importer(815301076,1909f56bfc062723c751e8b465ee728b)  -> (artifact id: '0adf84800b66ed8aecac91b3bbc7ccf0') in 0.000646 seconds
Number of updated asset objects reloaded before import = 0
Number of asset objects unloaded after import = 0
========================================================================
Received Import Request.
  Time since last request: 1.397463 seconds.
  path: Assets/Scenes/SampleScene.unity
  artifactKey: Guid(9fc0d4010bbf28b4594072e72b8655ab) Importer(815301076,1909f56bfc062723c751e8b465ee728b)
Start importing Assets/Scenes/SampleScene.unity using Guid(9fc0d4010bbf28b4594072e72b8655ab) Importer(815301076,1909f56bfc062723c751e8b465ee728b)  -> (artifact id: '004089562a99bdd111e13111f4107321') in 0.000474 seconds
Number of updated asset objects reloaded before import = 0
Number of asset objects unloaded after import = 0
========================================================================
Received Import Request.
  Time since last request: 5.029142 seconds.
  path: Assets/SimpleSky/Prefabs/Cloud_01.prefab
  artifactKey: Guid(09062dc0008857b46aaacdb7206f1453) Importer(815301076,1909f56bfc062723c751e8b465ee728b)
Start importing Assets/SimpleSky/Prefabs/Cloud_01.prefab using Guid(09062dc0008857b46aaacdb7206f1453) Importer(815301076,1909f56bfc062723c751e8b465ee728b)  -> (artifact id: '76a91f89927068a4551e487e83fde526') in 0.107993 seconds
Number of updated asset objects reloaded before import = 0
Number of asset objects unloaded after import = 9
========================================================================
Received Import Request.
  Time since last request: 0.000018 seconds.
  path: Assets/SimpleSky/Prefabs/Cloud_06.prefab
  artifactKey: Guid(c2391e8a6bdf5424194b61e41952a40a) Importer(815301076,1909f56bfc062723c751e8b465ee728b)
Start importing Assets/SimpleSky/Prefabs/Cloud_06.prefab using Guid(c2391e8a6bdf5424194b61e41952a40a) Importer(815301076,1909f56bfc062723c751e8b465ee728b)  -> (artifact id: '7fa64063e3ab6acc079181ab9b48447a') in 0.016224 seconds
Number of updated asset objects reloaded before import = 0
Number of asset objects unloaded after import = 9
========================================================================
Received Import Request.
  Time since last request: 0.000013 seconds.
  path: Assets/SimpleSky/Prefabs/SkyDome.prefab
  artifactKey: Guid(d0223f77114284b47a0e8b317e71e4dc) Importer(815301076,1909f56bfc062723c751e8b465ee728b)
Start importing Assets/SimpleSky/Prefabs/SkyDome.prefab using Guid(d0223f77114284b47a0e8b317e71e4dc) Importer(815301076,1909f56bfc062723c751e8b465ee728b)  -> (artifact id: '1ed89afab1f9386f61966e0d1b2c17bd') in 0.016983 seconds
Number of updated asset objects reloaded before import = 0
Number of asset objects unloaded after import = 28
========================================================================
Received Import Request.
  Time since last request: 0.000017 seconds.
  path: Assets/SimpleSky/Prefabs/Cloud_02.prefab
  artifactKey: Guid(73ef0b63ffe19f94ab35e4475b345d70) Importer(815301076,1909f56bfc062723c751e8b465ee728b)
Start importing Assets/SimpleSky/Prefabs/Cloud_02.prefab using Guid(73ef0b63ffe19f94ab35e4475b345d70) Importer(815301076,1909f56bfc062723c751e8b465ee728b)  -> (artifact id: '20eddb75d94708ca815cfa9d2c4bf2a5') in 0.015180 seconds
Number of updated asset objects reloaded before import = 0
Number of asset objects unloaded after import = 9
========================================================================
Received Import Request.
  Time since last request: 0.000024 seconds.
  path: Assets/SimpleSky/Prefabs/Cloud_05.prefab
  artifactKey: Guid(c37b1ccfbc7ed274eb99f9d40e72c4e6) Importer(815301076,1909f56bfc062723c751e8b465ee728b)
Start importing Assets/SimpleSky/Prefabs/Cloud_05.prefab using Guid(c37b1ccfbc7ed274eb99f9d40e72c4e6) Importer(815301076,1909f56bfc062723c751e8b465ee728b)  -> (artifact id: '705344249cb18e3c38c7274d56dac383') in 0.014391 seconds
Number of updated asset objects reloaded before import = 0
Number of asset objects unloaded after import = 9
========================================================================
Received Import Request.
  Time since last request: 0.000017 seconds.
  path: Assets/SimpleSky/Prefabs/Cloud_04.prefab
  artifactKey: Guid(420bde364644a314396dc8ed24ee99d6) Importer(815301076,1909f56bfc062723c751e8b465ee728b)
Start importing Assets/SimpleSky/Prefabs/Cloud_04.prefab using Guid(420bde364644a314396dc8ed24ee99d6) Importer(815301076,1909f56bfc062723c751e8b465ee728b)  -> (artifact id: 'acfcec576ad2936b5f0e290ec526d3e3') in 0.015967 seconds
Number of updated asset objects reloaded before import = 0
Number of asset objects unloaded after import = 9
========================================================================
Received Import Request.
  Time since last request: 0.000017 seconds.
  path: Assets/SimpleSky/Prefabs/Cloud_03.prefab
  artifactKey: Guid(2df72ec125264584faa40cb1beef0481) Importer(815301076,1909f56bfc062723c751e8b465ee728b)
Start importing Assets/SimpleSky/Prefabs/Cloud_03.prefab using Guid(2df72ec125264584faa40cb1beef0481) Importer(815301076,1909f56bfc062723c751e8b465ee728b)  -> (artifact id: '532f70b6335eb01341e12cfcbd3a719b') in 0.016603 seconds
Number of updated asset objects reloaded before import = 0
Number of asset objects unloaded after import = 9
========================================================================
Received Import Request.
  Time since last request: 21.720463 seconds.
  path: Assets/Assets/Textures/NPC/Foliões/Materials/baseColor.001.mat
  artifactKey: Guid(7f0fd65c192fa8f4e9d0aca776bf86e5) Importer(815301076,1909f56bfc062723c751e8b465ee728b)
Start importing Assets/Assets/Textures/NPC/Foliões/Materials/baseColor.001.mat using Guid(7f0fd65c192fa8f4e9d0aca776bf86e5) Importer(815301076,1909f56bfc062723c751e8b465ee728b)  -> (artifact id: '0aac870ea89a227839d3f8bc06e6d649') in 0.062993 seconds
Number of updated asset objects reloaded before import = 0
Number of asset objects unloaded after import = 2
========================================================================
Received Import Request.
  Time since last request: 0.000016 seconds.
  path: Assets/PolygonCity/Materials/PolygonCity_Mat_01_B.mat
  artifactKey: Guid(a8e32d2cd442e564aa46c99f0ae7c0c8) Importer(815301076,1909f56bfc062723c751e8b465ee728b)
Start importing Assets/PolygonCity/Materials/PolygonCity_Mat_01_B.mat using Guid(a8e32d2cd442e564aa46c99f0ae7c0c8) Importer(815301076,1909f56bfc062723c751e8b465ee728b)  -> (artifact id: 'd7859514d9ed66541090a185fc3f8f4d') in 0.045062 seconds
Number of updated asset objects reloaded before import = 0
Number of asset objects unloaded after import = 4
========================================================================
Received Import Request.
  Time since last request: 0.000023 seconds.
  path: Assets/TextMesh Pro/Resources/Fonts & Materials/LiberationSans SDF - Outline.mat
  artifactKey: Guid(79459efec17a4d00a321bdcc27bbc385) Importer(815301076,1909f56bfc062723c751e8b465ee728b)
Start importing Assets/TextMesh Pro/Resources/Fonts & Materials/LiberationSans SDF - Outline.mat using Guid(79459efec17a4d00a321bdcc27bbc385) Importer(815301076,1909f56bfc062723c751e8b465ee728b)  -> (artifact id: '8eb814c8a40bb53317bf21f69938a55b') in 0.129906 seconds
Number of updated asset objects reloaded before import = 0
Number of asset objects unloaded after import = 2
========================================================================
Received Import Request.
  Time since last request: 0.000263 seconds.
  path: Assets/Assets/Textures/NPC/Segurança/Materials/baseColor.003.mat
  artifactKey: Guid(a2f81a00284e80d4ea3061de78c431ad) Importer(815301076,1909f56bfc062723c751e8b465ee728b)
Start importing Assets/Assets/Textures/NPC/Segurança/Materials/baseColor.003.mat using Guid(a2f81a00284e80d4ea3061de78c431ad) Importer(815301076,1909f56bfc062723c751e8b465ee728b)  -> (artifact id: 'd64d4b6cc7e36b3943bd223e1a66c4de') in 0.019391 seconds
Number of updated asset objects reloaded before import = 0
Number of asset objects unloaded after import = 2
========================================================================
Received Import Request.
  Time since last request: 0.000630 seconds.
  path: Assets/Assets/Materials/baseColor.4.mat
  artifactKey: Guid(841199fa2b78a6b4889a7d1f57b08fae) Importer(815301076,1909f56bfc062723c751e8b465ee728b)
Start importing Assets/Assets/Materials/baseColor.4.mat using Guid(841199fa2b78a6b4889a7d1f57b08fae) Importer(815301076,1909f56bfc062723c751e8b465ee728b)  -> (artifact id: 'b191ca1da2da8a8746d854248bb74547') in 0.021009 seconds
Number of updated asset objects reloaded before import = 0
Number of asset objects unloaded after import = 2
========================================================================
Received Import Request.
  Time since last request: 0.000020 seconds.
  path: Assets/PolygonCity/Materials/PolygonCity_Glass_Mat.mat
  artifactKey: Guid(c29d9dff2056b1543bbb70ec32427a62) Importer(815301076,1909f56bfc062723c751e8b465ee728b)
Start importing Assets/PolygonCity/Materials/PolygonCity_Glass_Mat.mat using Guid(c29d9dff2056b1543bbb70ec32427a62) Importer(815301076,1909f56bfc062723c751e8b465ee728b)  -> (artifact id: 'affa15ed0e9eebc8ef9ec4f51aab3a7e') in 0.043821 seconds
Number of updated asset objects reloaded before import = 0
Number of asset objects unloaded after import = 3
========================================================================
Received Import Request.
  Time since last request: 0.000015 seconds.
  path: Assets/Assets/Textures/NPC/Segurança/Materials/glasses_id_12_D.mat
  artifactKey: Guid(738bd1ce78a858d45a725846959c0a11) Importer(815301076,1909f56bfc062723c751e8b465ee728b)
Start importing Assets/Assets/Textures/NPC/Segurança/Materials/glasses_id_12_D.mat using Guid(738bd1ce78a858d45a725846959c0a11) Importer(815301076,1909f56bfc062723c751e8b465ee728b)  -> (artifact id: '83b93d5b8a56bfd436d3e6e0b65cd81f') in 0.016355 seconds
Number of updated asset objects reloaded before import = 0
Number of asset objects unloaded after import = 2
========================================================================
Received Import Request.
  Time since last request: 0.000160 seconds.
  path: Assets/PolygonCity/Materials/PolygonCity_Mat_02_B.mat
  artifactKey: Guid(ee26ded8aeae32044836748251f93891) Importer(815301076,1909f56bfc062723c751e8b465ee728b)
Start importing Assets/PolygonCity/Materials/PolygonCity_Mat_02_B.mat using Guid(ee26ded8aeae32044836748251f93891) Importer(815301076,1909f56bfc062723c751e8b465ee728b)  -> (artifact id: 'cf470e2f245a8a2b81298893ab23806e') in 0.031165 seconds
Number of updated asset objects reloaded before import = 0
Number of asset objects unloaded after import = 4
========================================================================
Received Import Request.
  Time since last request: 0.000018 seconds.
  path: Assets/Assets/Textures/NPC/Foliões/Materials/outfit-angel-01-v2-m-bottom-D.mat
  artifactKey: Guid(3b6904d426734ab4b8dc543314eae926) Importer(815301076,1909f56bfc062723c751e8b465ee728b)
Start importing Assets/Assets/Textures/NPC/Foliões/Materials/outfit-angel-01-v2-m-bottom-D.mat using Guid(3b6904d426734ab4b8dc543314eae926) Importer(815301076,1909f56bfc062723c751e8b465ee728b)  -> (artifact id: '7cfe9258047b0425613810b2aa6ee39b') in 0.017573 seconds
Number of updated asset objects reloaded before import = 0
Number of asset objects unloaded after import = 2
========================================================================
Received Import Request.
  Time since last request: 0.000022 seconds.
  path: Assets/PolygonCity/Materials/FX_Materials/Cloud_Mat.mat
  artifactKey: Guid(3635b8bf677082d4ba3e66faa1d21d73) Importer(815301076,1909f56bfc062723c751e8b465ee728b)
Start importing Assets/PolygonCity/Materials/FX_Materials/Cloud_Mat.mat using Guid(3635b8bf677082d4ba3e66faa1d21d73) Importer(815301076,1909f56bfc062723c751e8b465ee728b)  -> (artifact id: '2713eeca22f3b2016eeb0a4c34f5d317') in 0.018557 seconds
Number of updated asset objects reloaded before import = 0
Number of asset objects unloaded after import = 1
========================================================================
Received Import Request.
  Time since last request: 0.000252 seconds.
  path: Assets/TextMesh Pro/Resources/Fonts & Materials/LiberationSans SDF - Fallback.asset
  artifactKey: Guid(2e498d1c8094910479dc3e1b768306a4) Importer(815301076,1909f56bfc062723c751e8b465ee728b)
Start importing Assets/TextMesh Pro/Resources/Fonts & Materials/LiberationSans SDF - Fallback.asset using Guid(2e498d1c8094910479dc3e1b768306a4) Importer(815301076,1909f56bfc062723c751e8b465ee728b)  -> (artifact id: '3ba4e203b6ea49558599d56a15664e34') in 0.044932 seconds
Number of updated asset objects reloaded before import = 0
Number of asset objects unloaded after import = 6
========================================================================
Received Import Request.
  Time since last request: 0.000022 seconds.
  path: Assets/Assets/Textures/NPC/Foliões/Materials/baseColor.003.mat
  artifactKey: Guid(b7d1bf9d6b807c746a3aef109f616481) Importer(815301076,1909f56bfc062723c751e8b465ee728b)
Start importing Assets/Assets/Textures/NPC/Foliões/Materials/baseColor.003.mat using Guid(b7d1bf9d6b807c746a3aef109f616481) Importer(815301076,1909f56bfc062723c751e8b465ee728b)  -> (artifact id: '612638900dc9e13f366316e913a7d78a') in 0.016345 seconds
Number of updated asset objects reloaded before import = 0
Number of asset objects unloaded after import = 2
========================================================================
Received Import Request.
  Time since last request: 0.000032 seconds.
  path: Assets/TextMesh Pro/Fonts/LiberationSans.ttf
  artifactKey: Guid(e3265ab4bf004d28a9537516768c1c75) Importer(815301076,1909f56bfc062723c751e8b465ee728b)
Start importing Assets/TextMesh Pro/Fonts/LiberationSans.ttf using Guid(e3265ab4bf004d28a9537516768c1c75) Importer(815301076,1909f56bfc062723c751e8b465ee728b)  -> (artifact id: '8756f7c291147a75e95d0f4a0d9e7e56') in 0.024000 seconds
Number of updated asset objects reloaded before import = 0
Number of asset objects unloaded after import = 4
========================================================================
Received Import Request.
  Time since last request: 0.000017 seconds.
  path: Assets/TextMesh Pro/Resources/Fonts & Materials/LiberationSans SDF - Drop Shadow.mat
  artifactKey: Guid(e73a58f6e2794ae7b1b7e50b7fb811b0) Importer(815301076,1909f56bfc062723c751e8b465ee728b)
Start importing Assets/TextMesh Pro/Resources/Fonts & Materials/LiberationSans SDF - Drop Shadow.mat using Guid(e73a58f6e2794ae7b1b7e50b7fb811b0) Importer(815301076,1909f56bfc062723c751e8b465ee728b)  -> (artifact id: 'c3045d9b064c240950858690a3eaab64') in 0.072902 seconds
Number of updated asset objects reloaded before import = 0
Number of asset objects unloaded after import = 2
========================================================================
Received Import Request.
  Time since last request: 0.000016 seconds.
  path: Assets/PolygonCity/Materials/PolygonCity_Mat_01_C.mat
  artifactKey: Guid(c01b7c8cb1175b54aab24b670c2d58dd) Importer(815301076,1909f56bfc062723c751e8b465ee728b)
Start importing Assets/PolygonCity/Materials/PolygonCity_Mat_01_C.mat using Guid(c01b7c8cb1175b54aab24b670c2d58dd) Importer(815301076,1909f56bfc062723c751e8b465ee728b)  -> (artifact id: 'a8cd520645c69b2f9bbf841a9485108f') in 0.030800 seconds
Number of updated asset objects reloaded before import = 0
Number of asset objects unloaded after import = 4
========================================================================
Received Import Request.
  Time since last request: 0.000015 seconds.
  path: Assets/Assets/Materials/CorDoCarro.mat
  artifactKey: Guid(1915dfd76830c5443ab946e0209513fe) Importer(815301076,1909f56bfc062723c751e8b465ee728b)
Start importing Assets/Assets/Materials/CorDoCarro.mat using Guid(1915dfd76830c5443ab946e0209513fe) Importer(815301076,1909f56bfc062723c751e8b465ee728b)  -> (artifact id: '425f199faca1b29c1a5802efde745930') in 0.014826 seconds
Number of updated asset objects reloaded before import = 0
Number of asset objects unloaded after import = 1
========================================================================
Received Import Request.
  Time since last request: 0.000020 seconds.
  path: Assets/Assets/Materials/baseColor.3.mat
  artifactKey: Guid(e994f7fc21d53e649bba05dbdfd36d61) Importer(815301076,1909f56bfc062723c751e8b465ee728b)
Start importing Assets/Assets/Materials/baseColor.3.mat using Guid(e994f7fc21d53e649bba05dbdfd36d61) Importer(815301076,1909f56bfc062723c751e8b465ee728b)  -> (artifact id: '9e0217b6ad508990222ac84aa18f1e9b') in 0.016416 seconds
Number of updated asset objects reloaded before import = 0
Number of asset objects unloaded after import = 2
========================================================================
Received Import Request.
  Time since last request: 0.000015 seconds.
  path: Assets/TextMesh Pro/Resources/Fonts & Materials/LiberationSans SDF.asset
  artifactKey: Guid(8f586378b4e144a9851e7b34d9b748ee) Importer(815301076,1909f56bfc062723c751e8b465ee728b)
Start importing Assets/TextMesh Pro/Resources/Fonts & Materials/LiberationSans SDF.asset using Guid(8f586378b4e144a9851e7b34d9b748ee) Importer(815301076,1909f56bfc062723c751e8b465ee728b)  -> (artifact id: 'b33d7c92d0c911e936f527b4fae441f1') in 0.038151 seconds
Number of updated asset objects reloaded before import = 0
Number of asset objects unloaded after import = 9
========================================================================
Received Import Request.
  Time since last request: 0.000052 seconds.
  path: Assets/Assets/Materials/baseColor.1.mat
  artifactKey: Guid(a73dec2f1fc873942896a682097e46df) Importer(815301076,1909f56bfc062723c751e8b465ee728b)
Start importing Assets/Assets/Materials/baseColor.1.mat using Guid(a73dec2f1fc873942896a682097e46df) Importer(815301076,1909f56bfc062723c751e8b465ee728b)  -> (artifact id: '7284c0b513dda4f7d45ea675fbea70c9') in 0.016102 seconds
Number of updated asset objects reloaded before import = 0
Number of asset objects unloaded after import = 2
========================================================================
Received Import Request.
  Time since last request: 0.000018 seconds.
  path: Assets/Assets/Textures/NPC/Foliões/Materials/outfit-angel-01-v2-m-top-D.mat
  artifactKey: Guid(dc156ee7b17d06c419e74e6992619bed) Importer(815301076,1909f56bfc062723c751e8b465ee728b)
Start importing Assets/Assets/Textures/NPC/Foliões/Materials/outfit-angel-01-v2-m-top-D.mat using Guid(dc156ee7b17d06c419e74e6992619bed) Importer(815301076,1909f56bfc062723c751e8b465ee728b)  -> (artifact id: '43149120d211226c3956e606e51db5d3') in 0.014421 seconds
Number of updated asset objects reloaded before import = 0
Number of asset objects unloaded after import = 2
========================================================================
Received Import Request.
  Time since last request: 2.628722 seconds.
  path: Assets/PolygonCity/Materials/PolygonCity_Road_Onibus.mat
  artifactKey: Guid(881f9f639d8125c4a86fc7835a9c6137) Importer(815301076,1909f56bfc062723c751e8b465ee728b)
Start importing Assets/PolygonCity/Materials/PolygonCity_Road_Onibus.mat using Guid(881f9f639d8125c4a86fc7835a9c6137) Importer(815301076,1909f56bfc062723c751e8b465ee728b)  -> (artifact id: '0da714825a84741f31f706df02db8c87') in 0.019740 seconds
Number of updated asset objects reloaded before import = 0
Number of asset objects unloaded after import = 2
========================================================================
Received Import Request.
  Time since last request: 0.041037 seconds.
  path: Assets/PolygonCity/Materials/FX_Materials/RainWater_Mat.mat
  artifactKey: Guid(47be28ae53899c440a4bdc7de32df96c) Importer(815301076,1909f56bfc062723c751e8b465ee728b)
Start importing Assets/PolygonCity/Materials/FX_Materials/RainWater_Mat.mat using Guid(47be28ae53899c440a4bdc7de32df96c) Importer(815301076,1909f56bfc062723c751e8b465ee728b)  -> (artifact id: '2301b5d5ecf0e6d306ea80ba32c9dda0') in 0.040451 seconds
Number of updated asset objects reloaded before import = 0
Number of asset objects unloaded after import = 1
========================================================================
Received Import Request.
  Time since last request: 0.000019 seconds.
  path: Assets/SimpleSky/Materials/SimpleSky.mat
  artifactKey: Guid(e68f77e240a7f8643b5cc4253dc37516) Importer(815301076,1909f56bfc062723c751e8b465ee728b)
Start importing Assets/SimpleSky/Materials/SimpleSky.mat using Guid(e68f77e240a7f8643b5cc4253dc37516) Importer(815301076,1909f56bfc062723c751e8b465ee728b)  -> (artifact id: '8f94f684bb72d74ef7e94879aa58390b') in 0.015612 seconds
Number of updated asset objects reloaded before import = 0
Number of asset objects unloaded after import = 2
========================================================================
Received Import Request.
  Time since last request: 0.000018 seconds.
  path: Assets/PolygonCity/Materials/FX_Materials/Steam_Mat.mat
  artifactKey: Guid(e97b46395b0be9d4ba26f435f30f5b76) Importer(815301076,1909f56bfc062723c751e8b465ee728b)
Start importing Assets/PolygonCity/Materials/FX_Materials/Steam_Mat.mat using Guid(e97b46395b0be9d4ba26f435f30f5b76) Importer(815301076,1909f56bfc062723c751e8b465ee728b)  -> (artifact id: 'c6d4014f60ddf34878691fdfb181e129') in 0.037753 seconds
Number of updated asset objects reloaded before import = 0
Number of asset objects unloaded after import = 1
========================================================================
Received Import Request.
  Time since last request: 0.000034 seconds.
  path: Assets/PolygonCity/Materials/FX_Materials/Skyline_Mat.mat
  artifactKey: Guid(d85b0c991d7ab78488a309346114f2f4) Importer(815301076,1909f56bfc062723c751e8b465ee728b)
Start importing Assets/PolygonCity/Materials/FX_Materials/Skyline_Mat.mat using Guid(d85b0c991d7ab78488a309346114f2f4) Importer(815301076,1909f56bfc062723c751e8b465ee728b)  -> (artifact id: '12f0086100ef057316ac2692d7dbc6e9') in 0.125115 seconds
Number of updated asset objects reloaded before import = 0
Number of asset objects unloaded after import = 2
========================================================================
Received Import Request.
  Time since last request: 0.041945 seconds.
  path: Assets/Assets/Textures/NPC/Cantora/Materials/tennis-casual-01-black-C.mat
  artifactKey: Guid(57b0ce0b66e2f7c4d871005fc8e108a1) Importer(815301076,1909f56bfc062723c751e8b465ee728b)
Start importing Assets/Assets/Textures/NPC/Cantora/Materials/tennis-casual-01-black-C.mat using Guid(57b0ce0b66e2f7c4d871005fc8e108a1) Importer(815301076,1909f56bfc062723c751e8b465ee728b)  -> (artifact id: 'a2d7b239439c589a46826053a0b67e7f') in 0.015508 seconds
Number of updated asset objects reloaded before import = 0
Number of asset objects unloaded after import = 2
========================================================================
Received Import Request.
  Time since last request: 0.000017 seconds.
  path: Assets/PolygonCity/Materials/FX_Materials/Water_Mat.mat
  artifactKey: Guid(287f5c5596df8d94594c370c2a16aac8) Importer(815301076,1909f56bfc062723c751e8b465ee728b)
Start importing Assets/PolygonCity/Materials/FX_Materials/Water_Mat.mat using Guid(287f5c5596df8d94594c370c2a16aac8) Importer(815301076,1909f56bfc062723c751e8b465ee728b)  -> (artifact id: 'cfe3acab99bef9081f6b6b079dd0cf51') in 0.019082 seconds
Number of updated asset objects reloaded before import = 0
Number of asset objects unloaded after import = 1
========================================================================
Received Import Request.
  Time since last request: 10.993744 seconds.
  path: Assets/SimpleSky/Textures
  artifactKey: Guid(20e5d0c731c60b34cbef36753cfcb7c4) Importer(815301076,1909f56bfc062723c751e8b465ee728b)
Start importing Assets/SimpleSky/Textures using Guid(20e5d0c731c60b34cbef36753cfcb7c4) Importer(815301076,1909f56bfc062723c751e8b465ee728b)  -> (artifact id: '98e51071a7dd88978f2d568e26468e4e') in 0.000502 seconds
Number of updated asset objects reloaded before import = 0
Number of asset objects unloaded after import = 0
========================================================================
Received Import Request.
  Time since last request: 0.062738 seconds.
  path: Assets/SimpleSky/Textures/SimpleSky.png
  artifactKey: Guid(7bab9ac1487e10c40b9ed77d4c551e04) Importer(815301076,1909f56bfc062723c751e8b465ee728b)
Start importing Assets/SimpleSky/Textures/SimpleSky.png using Guid(7bab9ac1487e10c40b9ed77d4c551e04) Importer(815301076,1909f56bfc062723c751e8b465ee728b)  -> (artifact id: '259c4db0ed12526730d5f001193b02c7') in 0.042631 seconds
Number of updated asset objects reloaded before import = 0
Number of asset objects unloaded after import = 2
========================================================================
Received Import Request.
  Time since last request: 10.173654 seconds.
  path: Assets/SimpleSky/Models
  artifactKey: Guid(e49b736bf6277c44db52aca49db5d4e6) Importer(815301076,1909f56bfc062723c751e8b465ee728b)
Start importing Assets/SimpleSky/Models using Guid(e49b736bf6277c44db52aca49db5d4e6) Importer(815301076,1909f56bfc062723c751e8b465ee728b)  -> (artifact id: '7e86e9a99ee97a8d73185029ee7aebf0') in 0.001190 seconds
Number of updated asset objects reloaded before import = 0
Number of asset objects unloaded after import = 0
========================================================================
Received Import Request.
  Time since last request: 0.064173 seconds.
  path: Assets/SimpleSky/Models/Cloud_01.fbx
  artifactKey: Guid(d6a294bdf7386d64f8c846e5ac334ffa) Importer(815301076,1909f56bfc062723c751e8b465ee728b)
Start importing Assets/SimpleSky/Models/Cloud_01.fbx using Guid(d6a294bdf7386d64f8c846e5ac334ffa) Importer(815301076,1909f56bfc062723c751e8b465ee728b)  -> (artifact id: '17ae2eeb8c1d6b62f608e1041a140942') in 0.034559 seconds
Number of updated asset objects reloaded before import = 0
Number of asset objects unloaded after import = 7
========================================================================
Received Import Request.
  Time since last request: 0.000016 seconds.
  path: Assets/SimpleSky/Models/SkyDome.fbx
  artifactKey: Guid(1340630fb7a3267499177be33f281f05) Importer(815301076,1909f56bfc062723c751e8b465ee728b)
Start importing Assets/SimpleSky/Models/SkyDome.fbx using Guid(1340630fb7a3267499177be33f281f05) Importer(815301076,1909f56bfc062723c751e8b465ee728b)  -> (artifact id: 'df73ca64a910f208eb95251399749357') in 0.103981 seconds
Number of updated asset objects reloaded before import = 0
Number of asset objects unloaded after import = 26
========================================================================
Received Import Request.
  Time since last request: 0.000477 seconds.
  path: Assets/SimpleSky/Models/Cloud_02.fbx
  artifactKey: Guid(c943ee3841fcbd94d9630c5e4529b603) Importer(815301076,1909f56bfc062723c751e8b465ee728b)
Start importing Assets/SimpleSky/Models/Cloud_02.fbx using Guid(c943ee3841fcbd94d9630c5e4529b603) Importer(815301076,1909f56bfc062723c751e8b465ee728b)  -> (artifact id: '57ede907848fcd9dbb7c7a517b8543e5') in 0.038839 seconds
Number of updated asset objects reloaded before import = 0
Number of asset objects unloaded after import = 7
========================================================================
Received Import Request.
  Time since last request: 0.000017 seconds.
  path: Assets/SimpleSky/Models/Cloud_03.fbx
  artifactKey: Guid(1b2c48376dafb734ab58d2226e1b7747) Importer(815301076,1909f56bfc062723c751e8b465ee728b)
Start importing Assets/SimpleSky/Models/Cloud_03.fbx using Guid(1b2c48376dafb734ab58d2226e1b7747) Importer(815301076,1909f56bfc062723c751e8b465ee728b)  -> (artifact id: 'cce69c696d37e31bf85d3976ea14c870') in 0.056474 seconds
Number of updated asset objects reloaded before import = 0
Number of asset objects unloaded after import = 7
========================================================================
Received Import Request.
  Time since last request: 0.000032 seconds.
  path: Assets/SimpleSky/Models/Cloud_05.fbx
  artifactKey: Guid(5d92abef242cfcc4781ac2ae661d8fe8) Importer(815301076,1909f56bfc062723c751e8b465ee728b)
Start importing Assets/SimpleSky/Models/Cloud_05.fbx using Guid(5d92abef242cfcc4781ac2ae661d8fe8) Importer(815301076,1909f56bfc062723c751e8b465ee728b)  -> (artifact id: '7553536f7ba80aee65eff55d18ab2cae') in 0.021819 seconds
Number of updated asset objects reloaded before import = 0
Number of asset objects unloaded after import = 7
========================================================================
Received Import Request.
  Time since last request: 0.000014 seconds.
  path: Assets/SimpleSky/Models/Cloud_06.fbx
  artifactKey: Guid(9eee4a1abc7933341a548cf4c5fa26cb) Importer(815301076,1909f56bfc062723c751e8b465ee728b)
Start importing Assets/SimpleSky/Models/Cloud_06.fbx using Guid(9eee4a1abc7933341a548cf4c5fa26cb) Importer(815301076,1909f56bfc062723c751e8b465ee728b)  -> (artifact id: 'eee3b3a1b69a35495695d0ac77652ad6') in 0.019429 seconds
Number of updated asset objects reloaded before import = 0
Number of asset objects unloaded after import = 7
========================================================================
Received Import Request.
  Time since last request: 0.000015 seconds.
  path: Assets/SimpleSky/Models/Cloud_04.fbx
  artifactKey: Guid(5df7daeab707230409664c66ca47c5ad) Importer(815301076,1909f56bfc062723c751e8b465ee728b)
Start importing Assets/SimpleSky/Models/Cloud_04.fbx using Guid(5df7daeab707230409664c66ca47c5ad) Importer(815301076,1909f56bfc062723c751e8b465ee728b)  -> (artifact id: '74ca06bb59ed984e76df97046a67918c') in 0.020058 seconds
Number of updated asset objects reloaded before import = 0
Number of asset objects unloaded after import = 7
========================================================================
Received Import Request.
  Time since last request: 195.218639 seconds.
  path: Assets/Assets/PreFabs/Homem.prefab
  artifactKey: Guid(43b3ed58998518146877f1473d9bbfc1) Importer(815301076,1909f56bfc062723c751e8b465ee728b)
Start importing Assets/Assets/PreFabs/Homem.prefab using Guid(43b3ed58998518146877f1473d9bbfc1) Importer(815301076,1909f56bfc062723c751e8b465ee728b)  -> (artifact id: '16d4af5eae72560ed03262d485637a75') in 0.144384 seconds
Internal: There are remaining Allocations on the JobTempAlloc. This is a leak, and will impact performance
To Debug, run app with -diag-job-temp-memory-leak-validation cmd line argument. This will output the callstacks of the leaked allocations.
Number of updated asset objects reloaded before import = 0
Number of asset objects unloaded after import = 380
========================================================================
Received Import Request.
  Time since last request: 4.874630 seconds.
  path: Assets/Assets/PreFabs/Homem.prefab
  artifactKey: Guid(43b3ed58998518146877f1473d9bbfc1) Importer(815301076,1909f56bfc062723c751e8b465ee728b)
Start importing Assets/Assets/PreFabs/Homem.prefab using Guid(43b3ed58998518146877f1473d9bbfc1) Importer(815301076,1909f56bfc062723c751e8b465ee728b)  -> (artifact id: 'd87af6085b13eec483f0620efa839049') in 0.059115 seconds
Internal: There are remaining Allocations on the JobTempAlloc. This is a leak, and will impact performance
To Debug, run app with -diag-job-temp-memory-leak-validation cmd line argument. This will output the callstacks of the leaked allocations.
Number of updated asset objects reloaded before import = 0
Number of asset objects unloaded after import = 380
========================================================================
Received Import Request.
  Time since last request: 2.564619 seconds.
  path: Assets/Assets/PreFabs/Homem.prefab
  artifactKey: Guid(43b3ed58998518146877f1473d9bbfc1) Importer(815301076,1909f56bfc062723c751e8b465ee728b)
Start importing Assets/Assets/PreFabs/Homem.prefab using Guid(43b3ed58998518146877f1473d9bbfc1) Importer(815301076,1909f56bfc062723c751e8b465ee728b)  -> (artifact id: '23916b74192d8d4968e4ef7f6edf7f64') in 0.051924 seconds
Internal: There are remaining Allocations on the JobTempAlloc. This is a leak, and will impact performance
To Debug, run app with -diag-job-temp-memory-leak-validation cmd line argument. This will output the callstacks of the leaked allocations.
Number of updated asset objects reloaded before import = 0
Number of asset objects unloaded after import = 380
========================================================================
Received Import Request.
  Time since last request: 2.562771 seconds.
  path: Assets/Assets/PreFabs/Homem.prefab
  artifactKey: Guid(43b3ed58998518146877f1473d9bbfc1) Importer(815301076,1909f56bfc062723c751e8b465ee728b)
Start importing Assets/Assets/PreFabs/Homem.prefab using Guid(43b3ed58998518146877f1473d9bbfc1) Importer(815301076,1909f56bfc062723c751e8b465ee728b)  -> (artifact id: 'e61342f9f51d66541232202c5c514395') in 0.047350 seconds
Internal: There are remaining Allocations on the JobTempAlloc. This is a leak, and will impact performance
To Debug, run app with -diag-job-temp-memory-leak-validation cmd line argument. This will output the callstacks of the leaked allocations.
Number of updated asset objects reloaded before import = 0
Number of asset objects unloaded after import = 380
========================================================================
Received Import Request.
  Time since last request: 2.189348 seconds.
  path: Assets/Assets/PreFabs/Homem.prefab
  artifactKey: Guid(43b3ed58998518146877f1473d9bbfc1) Importer(815301076,1909f56bfc062723c751e8b465ee728b)
Start importing Assets/Assets/PreFabs/Homem.prefab using Guid(43b3ed58998518146877f1473d9bbfc1) Importer(815301076,1909f56bfc062723c751e8b465ee728b)  -> (artifact id: 'e9683d0bb8bfe4c0aab0154652c49a99') in 0.046590 seconds
Internal: There are remaining Allocations on the JobTempAlloc. This is a leak, and will impact performance
To Debug, run app with -diag-job-temp-memory-leak-validation cmd line argument. This will output the callstacks of the leaked allocations.
Number of updated asset objects reloaded before import = 0
Number of asset objects unloaded after import = 380
========================================================================
Received Import Request.
  Time since last request: 2.174095 seconds.
  path: Assets/Assets/PreFabs/Homem.prefab
  artifactKey: Guid(43b3ed58998518146877f1473d9bbfc1) Importer(815301076,1909f56bfc062723c751e8b465ee728b)
Start importing Assets/Assets/PreFabs/Homem.prefab using Guid(43b3ed58998518146877f1473d9bbfc1) Importer(815301076,1909f56bfc062723c751e8b465ee728b)  -> (artifact id: '8ce312847bfdfa039e115ad4c2548ac3') in 0.048412 seconds
Internal: There are remaining Allocations on the JobTempAlloc. This is a leak, and will impact performance
To Debug, run app with -diag-job-temp-memory-leak-validation cmd line argument. This will output the callstacks of the leaked allocations.
Number of updated asset objects reloaded before import = 0
Number of asset objects unloaded after import = 380
========================================================================
Received Import Request.
  Time since last request: 3.227958 seconds.
  path: Assets/Assets/PreFabs/Homem.prefab
  artifactKey: Guid(43b3ed58998518146877f1473d9bbfc1) Importer(815301076,1909f56bfc062723c751e8b465ee728b)
Start importing Assets/Assets/PreFabs/Homem.prefab using Guid(43b3ed58998518146877f1473d9bbfc1) Importer(815301076,1909f56bfc062723c751e8b465ee728b)  -> (artifact id: '8718015d783602d5a8714737296d4157') in 0.045154 seconds
Internal: There are remaining Allocations on the JobTempAlloc. This is a leak, and will impact performance
To Debug, run app with -diag-job-temp-memory-leak-validation cmd line argument. This will output the callstacks of the leaked allocations.
Number of updated asset objects reloaded before import = 0
Number of asset objects unloaded after import = 380
========================================================================
Received Import Request.
  Time since last request: 12.590590 seconds.
  path: Assets/Assets/PreFabs/Mulher.prefab
  artifactKey: Guid(a217092753c2f134ea29609e6bcf4953) Importer(815301076,1909f56bfc062723c751e8b465ee728b)
Start importing Assets/Assets/PreFabs/Mulher.prefab using Guid(a217092753c2f134ea29609e6bcf4953) Importer(815301076,1909f56bfc062723c751e8b465ee728b)  -> (artifact id: 'b493f0d4d64949ed8deb7c5b894e2dbc') in 0.147031 seconds
Internal: There are remaining Allocations on the JobTempAlloc. This is a leak, and will impact performance
To Debug, run app with -diag-job-temp-memory-leak-validation cmd line argument. This will output the callstacks of the leaked allocations.
Number of updated asset objects reloaded before import = 0
Number of asset objects unloaded after import = 397
========================================================================
Received Prepare
Begin MonoManager ReloadAssembly
Internal: deleting an allocation that is older than its permitted lifetime of 4 frames (age = 5)
Internal: deleting an allocation that is older than its permitted lifetime of 4 frames (age = 5)
Internal: deleting an allocation that is older than its permitted lifetime of 4 frames (age = 6)
Internal: deleting an allocation that is older than its permitted lifetime of 4 frames (age = 6)
Internal: deleting an allocation that is older than its permitted lifetime of 4 frames (age = 7)
Internal: deleting an allocation that is older than its permitted lifetime of 4 frames (age = 7)
Internal: deleting an allocation that is older than its permitted lifetime of 4 frames (age = 8)
Internal: deleting an allocation that is older than its permitted lifetime of 4 frames (age = 8)
Symbol file LoadedFromMemory doesn't match image C:\Users\ojona\Documents\O-defile\O Desfile\Library\PackageCache\com.unity.visualscripting@1.8.0\Editor\VisualScripting.Core\Dependencies\YamlDotNet\Unity.VisualScripting.YamlDotNet.dll
Symbol file LoadedFromMemory doesn't match image C:\Users\ojona\Documents\O-defile\O Desfile\Library\PackageCache\com.unity.visualscripting@1.8.0\Editor\VisualScripting.Core\Dependencies\DotNetZip\Unity.VisualScripting.IonicZip.dll
- Loaded All Assemblies, in  0.671 seconds
Refreshing native plugins compatible for Editor in 4.02 ms, found 3 plugins.
Native extension for WindowsStandalone target not found
Native extension for iOS target not found
Native extension for Android target not found
Native extension for WebGL target not found
Mono: successfully reloaded assembly
- Finished resetting the current domain, in  0.946 seconds
Domain Reload Profiling: 1614ms
	BeginReloadAssembly (131ms)
		ExecutionOrderSort (0ms)
		DisableScriptedObjects (4ms)
		BackupInstance (0ms)
		ReleaseScriptingObjects (0ms)
		CreateAndSetChildDomain (34ms)
	RebuildCommonClasses (30ms)
	RebuildNativeTypeToScriptingClass (10ms)
	initialDomainReloadingComplete (29ms)
	LoadAllAssembliesAndSetupDomain (468ms)
		LoadAssemblies (236ms)
		RebuildTransferFunctionScriptingTraits (0ms)
		AnalyzeDomain (286ms)
			TypeCache.Refresh (281ms)
				TypeCache.ScanAssembly (272ms)
			ScanForSourceGeneratedMonoScriptInfo (0ms)
			ResolveRequiredComponents (4ms)
	FinalizeReload (947ms)
		ReleaseScriptCaches (0ms)
		RebuildScriptCaches (0ms)
		SetupLoadedEditorAssemblies (423ms)
			LogAssemblyErrors (0ms)
			InitializePlatformSupportModulesInManaged (36ms)
			SetLoadedEditorAssemblies (3ms)
			RefreshPlugins (0ms)
			BeforeProcessingInitializeOnLoad (65ms)
			ProcessInitializeOnLoadAttributes (289ms)
			ProcessInitializeOnLoadMethodAttributes (19ms)
			AfterProcessingInitializeOnLoad (10ms)
			EditorAssembliesLoaded (0ms)
		ExecutionOrderSort2 (0ms)
		AwakeInstancesAfterBackupRestoration (7ms)
Refreshing native plugins compatible for Editor in 4.29 ms, found 3 plugins.
Preloading 0 native plugins for Editor in 0.00 ms.
Unloading 3277 Unused Serialized files (Serialized files now loaded: 0)
Unloading 20 unused Assets / (101.0 KB). Loaded Objects now: 3835.
Memory consumption went from 129.4 MB to 129.3 MB.
Total: 4.221300 ms (FindLiveObjects: 0.313800 ms CreateObjectMapping: 0.088900 ms MarkObjects: 3.721600 ms  DeleteObjects: 0.096000 ms)

Prepare: number of updated asset objects reloaded= 0
AssetImportParameters requested are different than current active one (requested -> active):
  custom:container-demuxer-ogg: 62fdf1f143b41e24485cea50d1cbac27 -> 
  custom:video-decoder-ogg-theora: a1e56fd34408186e4bbccfd4996cb3dc -> 
  custom:framework-win-MediaFoundation: 216162199b28c13a410421893ffa2e32 -> 
  custom:container-demuxer-webm: 4f35f7cbe854078d1ac9338744f61a02 -> 
  custom:container-muxer-webm: aa71ff27fc2769a1b78a27578f13a17b -> 
  custom:video-decoder-webm-vp8: 9c59270c3fd7afecdb556c50c9e8de78 -> 
  custom:AudioImporter_EditorPlatform: d09bf68614088b80899f8185d706f6e7 -> 
  custom:video-encoder-webm-vp8: eb34c28f22e8b96e1ab97ce403110664 -> 
  custom:audio-decoder-ogg-vorbis: bf7c407c2cedff20999df2af8eb42d56 -> 
  custom:audio-encoder-webm-vorbis: bf7c407c2cedff20999df2af8eb42d56 -> 
========================================================================
Received Prepare
Begin MonoManager ReloadAssembly
Symbol file LoadedFromMemory doesn't match image C:\Users\ojona\Documents\O-defile\O Desfile\Library\PackageCache\com.unity.visualscripting@1.8.0\Editor\VisualScripting.Core\Dependencies\YamlDotNet\Unity.VisualScripting.YamlDotNet.dll
Symbol file LoadedFromMemory doesn't match image C:\Users\ojona\Documents\O-defile\O Desfile\Library\PackageCache\com.unity.visualscripting@1.8.0\Editor\VisualScripting.Core\Dependencies\DotNetZip\Unity.VisualScripting.IonicZip.dll
- Loaded All Assemblies, in  0.629 seconds
Refreshing native plugins compatible for Editor in 3.62 ms, found 3 plugins.
Native extension for WindowsStandalone target not found
Native extension for iOS target not found
Native extension for Android target not found
Native extension for WebGL target not found
Mono: successfully reloaded assembly
- Finished resetting the current domain, in  0.928 seconds
Domain Reload Profiling: 1553ms
	BeginReloadAssembly (129ms)
		ExecutionOrderSort (0ms)
		DisableScriptedObjects (5ms)
		BackupInstance (0ms)
		ReleaseScriptingObjects (0ms)
		CreateAndSetChildDomain (33ms)
	RebuildCommonClasses (30ms)
	RebuildNativeTypeToScriptingClass (10ms)
	initialDomainReloadingComplete (28ms)
	LoadAllAssembliesAndSetupDomain (427ms)
		LoadAssemblies (239ms)
		RebuildTransferFunctionScriptingTraits (0ms)
		AnalyzeDomain (241ms)
			TypeCache.Refresh (237ms)
				TypeCache.ScanAssembly (228ms)
			ScanForSourceGeneratedMonoScriptInfo (0ms)
			ResolveRequiredComponents (4ms)
	FinalizeReload (928ms)
		ReleaseScriptCaches (0ms)
		RebuildScriptCaches (0ms)
		SetupLoadedEditorAssemblies (413ms)
			LogAssemblyErrors (0ms)
			InitializePlatformSupportModulesInManaged (35ms)
			SetLoadedEditorAssemblies (3ms)
			RefreshPlugins (0ms)
			BeforeProcessingInitializeOnLoad (63ms)
			ProcessInitializeOnLoadAttributes (284ms)
			ProcessInitializeOnLoadMethodAttributes (18ms)
			AfterProcessingInitializeOnLoad (9ms)
			EditorAssembliesLoaded (0ms)
		ExecutionOrderSort2 (0ms)
		AwakeInstancesAfterBackupRestoration (8ms)
Refreshing native plugins compatible for Editor in 4.75 ms, found 3 plugins.
Preloading 0 native plugins for Editor in 0.00 ms.
Unloading 3277 Unused Serialized files (Serialized files now loaded: 0)
Unloading 20 unused Assets / (101.1 KB). Loaded Objects now: 3850.
Memory consumption went from 129.4 MB to 129.3 MB.
Total: 3.402300 ms (FindLiveObjects: 0.347500 ms CreateObjectMapping: 0.116700 ms MarkObjects: 2.791200 ms  DeleteObjects: 0.145900 ms)

Prepare: number of updated asset objects reloaded= 0
AssetImportParameters requested are different than current active one (requested -> active):
  custom:container-demuxer-ogg: 62fdf1f143b41e24485cea50d1cbac27 -> 
  custom:video-decoder-ogg-theora: a1e56fd34408186e4bbccfd4996cb3dc -> 
  custom:framework-win-MediaFoundation: 216162199b28c13a410421893ffa2e32 -> 
  custom:container-demuxer-webm: 4f35f7cbe854078d1ac9338744f61a02 -> 
  custom:container-muxer-webm: aa71ff27fc2769a1b78a27578f13a17b -> 
  custom:video-decoder-webm-vp8: 9c59270c3fd7afecdb556c50c9e8de78 -> 
  custom:AudioImporter_EditorPlatform: d09bf68614088b80899f8185d706f6e7 -> 
  custom:video-encoder-webm-vp8: eb34c28f22e8b96e1ab97ce403110664 -> 
  custom:audio-decoder-ogg-vorbis: bf7c407c2cedff20999df2af8eb42d56 -> 
  custom:audio-encoder-webm-vorbis: bf7c407c2cedff20999df2af8eb42d56 -> 
========================================================================
Received Prepare
Begin MonoManager ReloadAssembly
Symbol file LoadedFromMemory doesn't match image C:\Users\ojona\Documents\O-defile\O Desfile\Library\PackageCache\com.unity.visualscripting@1.8.0\Editor\VisualScripting.Core\Dependencies\YamlDotNet\Unity.VisualScripting.YamlDotNet.dll
Symbol file LoadedFromMemory doesn't match image C:\Users\ojona\Documents\O-defile\O Desfile\Library\PackageCache\com.unity.visualscripting@1.8.0\Editor\VisualScripting.Core\Dependencies\DotNetZip\Unity.VisualScripting.IonicZip.dll
- Loaded All Assemblies, in  0.626 seconds
Refreshing native plugins compatible for Editor in 5.32 ms, found 3 plugins.
Native extension for WindowsStandalone target not found
Native extension for iOS target not found
Native extension for Android target not found
Native extension for WebGL target not found
Mono: successfully reloaded assembly
- Finished resetting the current domain, in  1.000 seconds
Domain Reload Profiling: 1622ms
	BeginReloadAssembly (130ms)
		ExecutionOrderSort (0ms)
		DisableScriptedObjects (5ms)
		BackupInstance (0ms)
		ReleaseScriptingObjects (0ms)
		CreateAndSetChildDomain (32ms)
	RebuildCommonClasses (31ms)
	RebuildNativeTypeToScriptingClass (11ms)
	initialDomainReloadingComplete (30ms)
	LoadAllAssembliesAndSetupDomain (421ms)
		LoadAssemblies (237ms)
		RebuildTransferFunctionScriptingTraits (0ms)
		AnalyzeDomain (239ms)
			TypeCache.Refresh (234ms)
				TypeCache.ScanAssembly (225ms)
			ScanForSourceGeneratedMonoScriptInfo (0ms)
			ResolveRequiredComponents (4ms)
	FinalizeReload (1000ms)
		ReleaseScriptCaches (0ms)
		RebuildScriptCaches (0ms)
		SetupLoadedEditorAssemblies (414ms)
			LogAssemblyErrors (0ms)
			InitializePlatformSupportModulesInManaged (39ms)
			SetLoadedEditorAssemblies (3ms)
			RefreshPlugins (0ms)
			BeforeProcessingInitializeOnLoad (71ms)
			ProcessInitializeOnLoadAttributes (272ms)
			ProcessInitializeOnLoadMethodAttributes (20ms)
			AfterProcessingInitializeOnLoad (10ms)
			EditorAssembliesLoaded (0ms)
		ExecutionOrderSort2 (0ms)
		AwakeInstancesAfterBackupRestoration (7ms)
Refreshing native plugins compatible for Editor in 4.24 ms, found 3 plugins.
Preloading 0 native plugins for Editor in 0.00 ms.
Unloading 3277 Unused Serialized files (Serialized files now loaded: 0)
Unloading 20 unused Assets / (101.0 KB). Loaded Objects now: 3865.
Memory consumption went from 129.4 MB to 129.3 MB.
Total: 2.983600 ms (FindLiveObjects: 0.320300 ms CreateObjectMapping: 0.088700 ms MarkObjects: 2.503900 ms  DeleteObjects: 0.070100 ms)

Prepare: number of updated asset objects reloaded= 0
AssetImportParameters requested are different than current active one (requested -> active):
  custom:container-demuxer-ogg: 62fdf1f143b41e24485cea50d1cbac27 -> 
  custom:video-decoder-ogg-theora: a1e56fd34408186e4bbccfd4996cb3dc -> 
  custom:framework-win-MediaFoundation: 216162199b28c13a410421893ffa2e32 -> 
  custom:container-demuxer-webm: 4f35f7cbe854078d1ac9338744f61a02 -> 
  custom:container-muxer-webm: aa71ff27fc2769a1b78a27578f13a17b -> 
  custom:video-decoder-webm-vp8: 9c59270c3fd7afecdb556c50c9e8de78 -> 
  custom:AudioImporter_EditorPlatform: d09bf68614088b80899f8185d706f6e7 -> 
  custom:video-encoder-webm-vp8: eb34c28f22e8b96e1ab97ce403110664 -> 
  custom:audio-decoder-ogg-vorbis: bf7c407c2cedff20999df2af8eb42d56 -> 
  custom:audio-encoder-webm-vorbis: bf7c407c2cedff20999df2af8eb42d56 -> 
========================================================================
Received Prepare
Begin MonoManager ReloadAssembly
Symbol file LoadedFromMemory doesn't match image C:\Users\ojona\Documents\O-defile\O Desfile\Library\PackageCache\com.unity.visualscripting@1.8.0\Editor\VisualScripting.Core\Dependencies\YamlDotNet\Unity.VisualScripting.YamlDotNet.dll
Symbol file LoadedFromMemory doesn't match image C:\Users\ojona\Documents\O-defile\O Desfile\Library\PackageCache\com.unity.visualscripting@1.8.0\Editor\VisualScripting.Core\Dependencies\DotNetZip\Unity.VisualScripting.IonicZip.dll
- Loaded All Assemblies, in  0.626 seconds
Refreshing native plugins compatible for Editor in 3.57 ms, found 3 plugins.
Native extension for WindowsStandalone target not found
Native extension for iOS target not found
Native extension for Android target not found
Native extension for WebGL target not found
Mono: successfully reloaded assembly
- Finished resetting the current domain, in  0.917 seconds
Domain Reload Profiling: 1540ms
	BeginReloadAssembly (130ms)
		ExecutionOrderSort (0ms)
		DisableScriptedObjects (5ms)
		BackupInstance (0ms)
		ReleaseScriptingObjects (0ms)
		CreateAndSetChildDomain (33ms)
	RebuildCommonClasses (31ms)
	RebuildNativeTypeToScriptingClass (12ms)
	initialDomainReloadingComplete (29ms)
	LoadAllAssembliesAndSetupDomain (420ms)
		LoadAssemblies (235ms)
		RebuildTransferFunctionScriptingTraits (0ms)
		AnalyzeDomain (239ms)
			TypeCache.Refresh (235ms)
				TypeCache.ScanAssembly (225ms)
			ScanForSourceGeneratedMonoScriptInfo (0ms)
			ResolveRequiredComponents (4ms)
	FinalizeReload (918ms)
		ReleaseScriptCaches (0ms)
		RebuildScriptCaches (0ms)
		SetupLoadedEditorAssemblies (402ms)
			LogAssemblyErrors (0ms)
			InitializePlatformSupportModulesInManaged (34ms)
			SetLoadedEditorAssemblies (3ms)
			RefreshPlugins (0ms)
			BeforeProcessingInitializeOnLoad (61ms)
			ProcessInitializeOnLoadAttributes (275ms)
			ProcessInitializeOnLoadMethodAttributes (19ms)
			AfterProcessingInitializeOnLoad (9ms)
			EditorAssembliesLoaded (1ms)
		ExecutionOrderSort2 (0ms)
		AwakeInstancesAfterBackupRestoration (7ms)
Refreshing native plugins compatible for Editor in 6.06 ms, found 3 plugins.
Preloading 0 native plugins for Editor in 0.00 ms.
Unloading 3277 Unused Serialized files (Serialized files now loaded: 0)
Unloading 20 unused Assets / (101.0 KB). Loaded Objects now: 3880.
Memory consumption went from 129.4 MB to 129.3 MB.
Total: 3.064100 ms (FindLiveObjects: 0.303600 ms CreateObjectMapping: 0.087000 ms MarkObjects: 2.602500 ms  DeleteObjects: 0.070200 ms)

Prepare: number of updated asset objects reloaded= 0
AssetImportParameters requested are different than current active one (requested -> active):
  custom:container-demuxer-ogg: 62fdf1f143b41e24485cea50d1cbac27 -> 
  custom:video-decoder-ogg-theora: a1e56fd34408186e4bbccfd4996cb3dc -> 
  custom:framework-win-MediaFoundation: 216162199b28c13a410421893ffa2e32 -> 
  custom:container-demuxer-webm: 4f35f7cbe854078d1ac9338744f61a02 -> 
  custom:container-muxer-webm: aa71ff27fc2769a1b78a27578f13a17b -> 
  custom:video-decoder-webm-vp8: 9c59270c3fd7afecdb556c50c9e8de78 -> 
  custom:AudioImporter_EditorPlatform: d09bf68614088b80899f8185d706f6e7 -> 
  custom:video-encoder-webm-vp8: eb34c28f22e8b96e1ab97ce403110664 -> 
  custom:audio-decoder-ogg-vorbis: bf7c407c2cedff20999df2af8eb42d56 -> 
  custom:audio-encoder-webm-vorbis: bf7c407c2cedff20999df2af8eb42d56 -> 
========================================================================
Received Import Request.
  Time since last request: 177.471814 seconds.
  path: Assets/Assets/PreFabs/Homem.prefab
  artifactKey: Guid(43b3ed58998518146877f1473d9bbfc1) Importer(815301076,1909f56bfc062723c751e8b465ee728b)
Start importing Assets/Assets/PreFabs/Homem.prefab using Guid(43b3ed58998518146877f1473d9bbfc1) Importer(815301076,1909f56bfc062723c751e8b465ee728b)  -> (artifact id: '250c63da35d1bcb464de9557dac7c5d9') in 0.180811 seconds
Internal: There are remaining Allocations on the JobTempAlloc. This is a leak, and will impact performance
To Debug, run app with -diag-job-temp-memory-leak-validation cmd line argument. This will output the callstacks of the leaked allocations.
Number of updated asset objects reloaded before import = 0
Number of asset objects unloaded after import = 379
========================================================================
Received Import Request.
  Time since last request: 6.572180 seconds.
  path: Assets/Assets/PreFabs/Mulher.prefab
  artifactKey: Guid(a217092753c2f134ea29609e6bcf4953) Importer(815301076,1909f56bfc062723c751e8b465ee728b)
Start importing Assets/Assets/PreFabs/Mulher.prefab using Guid(a217092753c2f134ea29609e6bcf4953) Importer(815301076,1909f56bfc062723c751e8b465ee728b)  -> (artifact id: '2fc747dd507bbfd382fca39b063c5583') in 0.161237 seconds
Internal: There are remaining Allocations on the JobTempAlloc. This is a leak, and will impact performance
To Debug, run app with -diag-job-temp-memory-leak-validation cmd line argument. This will output the callstacks of the leaked allocations.
Number of updated asset objects reloaded before import = 0
Number of asset objects unloaded after import = 396
========================================================================
Received Prepare
Begin MonoManager ReloadAssembly
Symbol file LoadedFromMemory doesn't match image C:\Users\ojona\Documents\O-defile\O Desfile\Library\PackageCache\com.unity.visualscripting@1.8.0\Editor\VisualScripting.Core\Dependencies\YamlDotNet\Unity.VisualScripting.YamlDotNet.dll
Symbol file LoadedFromMemory doesn't match image C:\Users\ojona\Documents\O-defile\O Desfile\Library\PackageCache\com.unity.visualscripting@1.8.0\Editor\VisualScripting.Core\Dependencies\DotNetZip\Unity.VisualScripting.IonicZip.dll
- Loaded All Assemblies, in  0.656 seconds
Refreshing native plugins compatible for Editor in 3.53 ms, found 3 plugins.
Native extension for WindowsStandalone target not found
Native extension for iOS target not found
Native extension for Android target not found
Native extension for WebGL target not found
Mono: successfully reloaded assembly
- Finished resetting the current domain, in  1.040 seconds
Domain Reload Profiling: 1692ms
	BeginReloadAssembly (137ms)
		ExecutionOrderSort (0ms)
		DisableScriptedObjects (4ms)
		BackupInstance (0ms)
		ReleaseScriptingObjects (0ms)
		CreateAndSetChildDomain (38ms)
	RebuildCommonClasses (33ms)
	RebuildNativeTypeToScriptingClass (10ms)
	initialDomainReloadingComplete (31ms)
	LoadAllAssembliesAndSetupDomain (442ms)
		LoadAssemblies (246ms)
		RebuildTransferFunctionScriptingTraits (0ms)
		AnalyzeDomain (251ms)
			TypeCache.Refresh (247ms)
				TypeCache.ScanAssembly (237ms)
			ScanForSourceGeneratedMonoScriptInfo (0ms)
			ResolveRequiredComponents (4ms)
	FinalizeReload (1040ms)
		ReleaseScriptCaches (0ms)
		RebuildScriptCaches (0ms)
		SetupLoadedEditorAssemblies (396ms)
			LogAssemblyErrors (0ms)
			InitializePlatformSupportModulesInManaged (38ms)
			SetLoadedEditorAssemblies (3ms)
			RefreshPlugins (0ms)
			BeforeProcessingInitializeOnLoad (60ms)
			ProcessInitializeOnLoadAttributes (269ms)
			ProcessInitializeOnLoadMethodAttributes (17ms)
			AfterProcessingInitializeOnLoad (10ms)
			EditorAssembliesLoaded (0ms)
		ExecutionOrderSort2 (0ms)
		AwakeInstancesAfterBackupRestoration (7ms)
Refreshing native plugins compatible for Editor in 4.39 ms, found 3 plugins.
Preloading 0 native plugins for Editor in 0.00 ms.
Unloading 3277 Unused Serialized files (Serialized files now loaded: 0)
Unloading 20 unused Assets / (101.1 KB). Loaded Objects now: 3895.
Memory consumption went from 129.4 MB to 129.3 MB.
Total: 3.303300 ms (FindLiveObjects: 0.309400 ms CreateObjectMapping: 0.088400 ms MarkObjects: 2.824000 ms  DeleteObjects: 0.080600 ms)

Prepare: number of updated asset objects reloaded= 0
AssetImportParameters requested are different than current active one (requested -> active):
  custom:container-demuxer-ogg: 62fdf1f143b41e24485cea50d1cbac27 -> 
  custom:video-decoder-ogg-theora: a1e56fd34408186e4bbccfd4996cb3dc -> 
  custom:framework-win-MediaFoundation: 216162199b28c13a410421893ffa2e32 -> 
  custom:container-demuxer-webm: 4f35f7cbe854078d1ac9338744f61a02 -> 
  custom:container-muxer-webm: aa71ff27fc2769a1b78a27578f13a17b -> 
  custom:video-decoder-webm-vp8: 9c59270c3fd7afecdb556c50c9e8de78 -> 
  custom:AudioImporter_EditorPlatform: d09bf68614088b80899f8185d706f6e7 -> 
  custom:video-encoder-webm-vp8: eb34c28f22e8b96e1ab97ce403110664 -> 
  custom:audio-decoder-ogg-vorbis: bf7c407c2cedff20999df2af8eb42d56 -> 
  custom:audio-encoder-webm-vorbis: bf7c407c2cedff20999df2af8eb42d56 -> 
