Using pre-set license
Built from '2022.3/release' branch; Version is '2022.3.0f1 (fb119bb0b476) revision 16454043'; Using compiler version '192829333'; Build Type 'Release'
OS: 'Windows 11  (10.0.26100) 64bit CoreSingleLanguage' Language: 'pt' Physical Memory: 24489 MB
BatchMode: 1, IsHumanControllingUs: 0, StartBugReporterOnCrash: 0, Is64bit: 1, IsPro: 1

COMMAND LINE ARGUMENTS:
C:\Program Files\Unity\Hub\Editor\2022.3.0f1\Editor\Unity.exe
-adb2
-batchMode
-noUpm
-name
AssetImportWorker0
-projectPath
C:/Users/ojona/Documents/O-defile/O Desfile
-logFile
Logs/AssetImportWorker0.log
-srvPort
56607
Successfully changed project path to: C:/Users/ojona/Documents/O-defile/O Desfile
C:/Users/ojona/Documents/O-defile/O Desfile
[UnityMemory] Configuration Parameters - Can be set up in boot.config
    "memorysetup-bucket-allocator-granularity=16"
    "memorysetup-bucket-allocator-bucket-count=8"
    "memorysetup-bucket-allocator-block-size=33554432"
    "memorysetup-bucket-allocator-block-count=8"
    "memorysetup-main-allocator-block-size=16777216"
    "memorysetup-thread-allocator-block-size=16777216"
    "memorysetup-gfx-main-allocator-block-size=16777216"
    "memorysetup-gfx-thread-allocator-block-size=16777216"
    "memorysetup-cache-allocator-block-size=4194304"
    "memorysetup-typetree-allocator-block-size=2097152"
    "memorysetup-profiler-bucket-allocator-granularity=16"
    "memorysetup-profiler-bucket-allocator-bucket-count=8"
    "memorysetup-profiler-bucket-allocator-block-size=33554432"
    "memorysetup-profiler-bucket-allocator-block-count=8"
    "memorysetup-profiler-allocator-block-size=16777216"
    "memorysetup-profiler-editor-allocator-block-size=1048576"
    "memorysetup-temp-allocator-size-main=16777216"
    "memorysetup-job-temp-allocator-block-size=2097152"
    "memorysetup-job-temp-allocator-block-size-background=1048576"
    "memorysetup-job-temp-allocator-reduction-small-platforms=262144"
    "memorysetup-allocator-temp-initial-block-size-main=262144"
    "memorysetup-allocator-temp-initial-block-size-worker=262144"
    "memorysetup-temp-allocator-size-background-worker=32768"
    "memorysetup-temp-allocator-size-job-worker=262144"
    "memorysetup-temp-allocator-size-preload-manager=33554432"
    "memorysetup-temp-allocator-size-nav-mesh-worker=65536"
    "memorysetup-temp-allocator-size-audio-worker=65536"
    "memorysetup-temp-allocator-size-cloud-worker=32768"
    "memorysetup-temp-allocator-size-gi-baking-worker=262144"
    "memorysetup-temp-allocator-size-gfx=262144"
Player connection [26408] Host "[IP] 192.168.0.22 [Port] 0 [Flags] 2 [Guid] 3685974554 [EditorId] 3685974554 [Version] 1048832 [Id] WindowsEditor(7,WhoppDev) [Debug] 1 [PackageName] WindowsEditor [ProjectName] Editor" joined multi-casting on [225.0.0.222:54997]...

Player connection [26408] Host "[IP] 192.168.0.22 [Port] 0 [Flags] 2 [Guid] 3685974554 [EditorId] 3685974554 [Version] 1048832 [Id] WindowsEditor(7,WhoppDev) [Debug] 1 [PackageName] WindowsEditor [ProjectName] Editor" joined alternative multi-casting on [225.0.0.222:34997]...

Refreshing native plugins compatible for Editor in 9.99 ms, found 3 plugins.
Preloading 0 native plugins for Editor in 0.00 ms.
Initialize engine version: 2022.3.0f1 (fb119bb0b476)
[Subsystems] Discovering subsystems at path C:/Program Files/Unity/Hub/Editor/2022.3.0f1/Editor/Data/Resources/UnitySubsystems
[Subsystems] Discovering subsystems at path C:/Users/ojona/Documents/O-defile/O Desfile/Assets
GfxDevice: creating device client; threaded=0; jobified=0
Direct3D:
    Version:  Direct3D 11.0 [level 11.1]
    Renderer: NVIDIA GeForce RTX 3050 (ID=0x2507)
    Vendor:   NVIDIA
    VRAM:     8042 MB
    Driver:   32.0.15.7216
Initialize mono
Mono path[0] = 'C:/Program Files/Unity/Hub/Editor/2022.3.0f1/Editor/Data/Managed'
Mono path[1] = 'C:/Program Files/Unity/Hub/Editor/2022.3.0f1/Editor/Data/MonoBleedingEdge/lib/mono/unityjit-win32'
Mono config path = 'C:/Program Files/Unity/Hub/Editor/2022.3.0f1/Editor/Data/MonoBleedingEdge/etc'
Using monoOptions --debugger-agent=transport=dt_socket,embedding=1,server=y,suspend=n,address=127.0.0.1:56428
Begin MonoManager ReloadAssembly
Registering precompiled unity dll's ...
Register platform support module: C:/Program Files/Unity/Hub/Editor/2022.3.0f1/Editor/Data/PlaybackEngines/WebGLSupport/UnityEditor.WebGL.Extensions.dll
Register platform support module: C:/Program Files/Unity/Hub/Editor/2022.3.0f1/Editor/Data/PlaybackEngines/AndroidPlayer/UnityEditor.Android.Extensions.dll
Register platform support module: C:/Program Files/Unity/Hub/Editor/2022.3.0f1/Editor/Data/PlaybackEngines/iOSSupport/UnityEditor.iOS.Extensions.dll
Register platform support module: C:/Program Files/Unity/Hub/Editor/2022.3.0f1/Editor/Data/PlaybackEngines/WindowsStandaloneSupport/UnityEditor.WindowsStandalone.Extensions.dll
Registered in 0.014971 seconds.
- Loaded All Assemblies, in  0.403 seconds
Native extension for WindowsStandalone target not found
[usbmuxd] Start listen thread
[usbmuxd] Listen thread started
[usbmuxd] Send listen message
Native extension for iOS target not found
Native extension for Android target not found
Android Extension - Scanning For ADB Devices 300 ms
Native extension for WebGL target not found
Mono: successfully reloaded assembly
- Finished resetting the current domain, in  0.680 seconds
Domain Reload Profiling: 1081ms
	BeginReloadAssembly (101ms)
		ExecutionOrderSort (0ms)
		DisableScriptedObjects (0ms)
		BackupInstance (0ms)
		ReleaseScriptingObjects (0ms)
		CreateAndSetChildDomain (2ms)
	RebuildCommonClasses (41ms)
	RebuildNativeTypeToScriptingClass (11ms)
	initialDomainReloadingComplete (76ms)
	LoadAllAssembliesAndSetupDomain (172ms)
		LoadAssemblies (96ms)
		RebuildTransferFunctionScriptingTraits (0ms)
		AnalyzeDomain (162ms)
			TypeCache.Refresh (161ms)
				TypeCache.ScanAssembly (149ms)
			ScanForSourceGeneratedMonoScriptInfo (0ms)
			ResolveRequiredComponents (0ms)
	FinalizeReload (681ms)
		ReleaseScriptCaches (0ms)
		RebuildScriptCaches (0ms)
		SetupLoadedEditorAssemblies (617ms)
			LogAssemblyErrors (0ms)
			InitializePlatformSupportModulesInManaged (442ms)
			SetLoadedEditorAssemblies (6ms)
			RefreshPlugins (0ms)
			BeforeProcessingInitializeOnLoad (3ms)
			ProcessInitializeOnLoadAttributes (116ms)
			ProcessInitializeOnLoadMethodAttributes (50ms)
			AfterProcessingInitializeOnLoad (0ms)
			EditorAssembliesLoaded (0ms)
		ExecutionOrderSort2 (0ms)
		AwakeInstancesAfterBackupRestoration (0ms)
========================================================================
Worker process is ready to serve import requests
Begin MonoManager ReloadAssembly
Symbol file LoadedFromMemory doesn't match image C:\Users\ojona\Documents\O-defile\O Desfile\Library\PackageCache\com.unity.visualscripting@1.8.0\Editor\VisualScripting.Core\Dependencies\YamlDotNet\Unity.VisualScripting.YamlDotNet.dll
Symbol file LoadedFromMemory doesn't match image C:\Users\ojona\Documents\O-defile\O Desfile\Library\PackageCache\com.unity.visualscripting@1.8.0\Editor\VisualScripting.Core\Dependencies\DotNetZip\Unity.VisualScripting.IonicZip.dll
- Loaded All Assemblies, in  0.832 seconds
Refreshing native plugins compatible for Editor in 4.05 ms, found 3 plugins.
Native extension for WindowsStandalone target not found
Native extension for iOS target not found
Native extension for Android target not found
Native extension for WebGL target not found
Mono: successfully reloaded assembly
- Finished resetting the current domain, in  0.633 seconds
Domain Reload Profiling: 1461ms
	BeginReloadAssembly (146ms)
		ExecutionOrderSort (0ms)
		DisableScriptedObjects (6ms)
		BackupInstance (0ms)
		ReleaseScriptingObjects (0ms)
		CreateAndSetChildDomain (25ms)
	RebuildCommonClasses (38ms)
	RebuildNativeTypeToScriptingClass (12ms)
	initialDomainReloadingComplete (48ms)
	LoadAllAssembliesAndSetupDomain (584ms)
		LoadAssemblies (307ms)
		RebuildTransferFunctionScriptingTraits (0ms)
		AnalyzeDomain (344ms)
			TypeCache.Refresh (322ms)
				TypeCache.ScanAssembly (307ms)
			ScanForSourceGeneratedMonoScriptInfo (16ms)
			ResolveRequiredComponents (5ms)
	FinalizeReload (633ms)
		ReleaseScriptCaches (0ms)
		RebuildScriptCaches (0ms)
		SetupLoadedEditorAssemblies (472ms)
			LogAssemblyErrors (0ms)
			InitializePlatformSupportModulesInManaged (44ms)
			SetLoadedEditorAssemblies (3ms)
			RefreshPlugins (0ms)
			BeforeProcessingInitializeOnLoad (73ms)
			ProcessInitializeOnLoadAttributes (323ms)
			ProcessInitializeOnLoadMethodAttributes (19ms)
			AfterProcessingInitializeOnLoad (10ms)
			EditorAssembliesLoaded (0ms)
		ExecutionOrderSort2 (0ms)
		AwakeInstancesAfterBackupRestoration (6ms)
Launched and connected shader compiler UnityShaderCompiler.exe after 0.04 seconds
Refreshing native plugins compatible for Editor in 4.99 ms, found 3 plugins.
Preloading 0 native plugins for Editor in 0.00 ms.
Unloading 3300 Unused Serialized files (Serialized files now loaded: 0)
Unloading 42 unused Assets / (129.7 KB). Loaded Objects now: 3767.
Memory consumption went from 132.6 MB to 132.5 MB.
Total: 4.274800 ms (FindLiveObjects: 0.449800 ms CreateObjectMapping: 0.095300 ms MarkObjects: 3.579900 ms  DeleteObjects: 0.149000 ms)

AssetImportParameters requested are different than current active one (requested -> active):
  custom:container-demuxer-ogg: 62fdf1f143b41e24485cea50d1cbac27 -> 
  custom:video-decoder-ogg-theora: a1e56fd34408186e4bbccfd4996cb3dc -> 
  custom:framework-win-MediaFoundation: 216162199b28c13a410421893ffa2e32 -> 
  custom:container-demuxer-webm: 4f35f7cbe854078d1ac9338744f61a02 -> 
  custom:container-muxer-webm: aa71ff27fc2769a1b78a27578f13a17b -> 
  custom:video-decoder-webm-vp8: 9c59270c3fd7afecdb556c50c9e8de78 -> 
  custom:AudioImporter_EditorPlatform: d09bf68614088b80899f8185d706f6e7 -> 
  custom:video-encoder-webm-vp8: eb34c28f22e8b96e1ab97ce403110664 -> 
  custom:audio-decoder-ogg-vorbis: bf7c407c2cedff20999df2af8eb42d56 -> 
  custom:audio-encoder-webm-vorbis: bf7c407c2cedff20999df2af8eb42d56 -> 
========================================================================
Received Import Request.
  Time since last request: 24543.116772 seconds.
  path: Assets/Assets/Fantasia Mulher.fbx
  artifactKey: Guid(4b5cd09c131969e449b3fd6f01ef793f) Importer(815301076,1909f56bfc062723c751e8b465ee728b)
Start importing Assets/Assets/Fantasia Mulher.fbx using Guid(4b5cd09c131969e449b3fd6f01ef793f) Importer(815301076,1909f56bfc062723c751e8b465ee728b)  -> (artifact id: '29df6936ff40e57826a41692b994f6b5') in 0.402768 seconds
Number of updated asset objects reloaded before import = 0
Number of asset objects unloaded after import = 198
========================================================================
Received Import Request.
  Time since last request: 647.234391 seconds.
  path: Assets/Assets/Fantasia Mulher.fbx
  artifactKey: Guid(4b5cd09c131969e449b3fd6f01ef793f) Importer(815301076,1909f56bfc062723c751e8b465ee728b)
Start importing Assets/Assets/Fantasia Mulher.fbx using Guid(4b5cd09c131969e449b3fd6f01ef793f) Importer(815301076,1909f56bfc062723c751e8b465ee728b)  -> (artifact id: '35d562c96830562e8aff086b100a6e0b') in 0.292684 seconds
Number of updated asset objects reloaded before import = 0
Number of asset objects unloaded after import = 76
========================================================================
Received Import Request.
  Time since last request: 56.433350 seconds.
  path: Assets/Assets/Dj_Anim.fbx
  artifactKey: Guid(63bd021d18bce0d45892a8dc2d93d694) Importer(815301076,1909f56bfc062723c751e8b465ee728b)
Start importing Assets/Assets/Dj_Anim.fbx using Guid(63bd021d18bce0d45892a8dc2d93d694) Importer(815301076,1909f56bfc062723c751e8b465ee728b)  -> (artifact id: '81f7df238db85781063c32f7bd7a46aa') in 0.195912 seconds
Number of updated asset objects reloaded before import = 0
Number of asset objects unloaded after import = 188
========================================================================
Received Import Request.
  Time since last request: 17.624104 seconds.
  path: Assets/Assets/Dj_Anim.fbx
  artifactKey: Guid(63bd021d18bce0d45892a8dc2d93d694) Importer(815301076,1909f56bfc062723c751e8b465ee728b)
Start importing Assets/Assets/Dj_Anim.fbx using Guid(63bd021d18bce0d45892a8dc2d93d694) Importer(815301076,1909f56bfc062723c751e8b465ee728b)  -> (artifact id: '492f27338b0fd8626af570aba5e3ce93') in 0.208618 seconds
Number of updated asset objects reloaded before import = 0
Number of asset objects unloaded after import = 188
========================================================================
Received Import Request.
  Time since last request: 159.024679 seconds.
  path: Assets/Scenes/CenaTeste.unity
  artifactKey: Guid(0d738ac5a5ce3834b95431812a75935b) Importer(815301076,1909f56bfc062723c751e8b465ee728b)
Start importing Assets/Scenes/CenaTeste.unity using Guid(0d738ac5a5ce3834b95431812a75935b) Importer(815301076,1909f56bfc062723c751e8b465ee728b)  -> (artifact id: '30fffc07e34c5f66e9d8e0a0b8fe3865') in 0.000849 seconds
Number of updated asset objects reloaded before import = 0
Number of asset objects unloaded after import = 0
========================================================================
Received Import Request.
  Time since last request: 5.982157 seconds.
  path: Assets/Scenes/SampleScene.unity
  artifactKey: Guid(9fc0d4010bbf28b4594072e72b8655ab) Importer(815301076,1909f56bfc062723c751e8b465ee728b)
Start importing Assets/Scenes/SampleScene.unity using Guid(9fc0d4010bbf28b4594072e72b8655ab) Importer(815301076,1909f56bfc062723c751e8b465ee728b)  -> (artifact id: 'e78996a220ba2309cf931f434ed0c444') in 0.000563 seconds
Number of updated asset objects reloaded before import = 0
Number of asset objects unloaded after import = 0
========================================================================
Received Import Request.
  Time since last request: 352.872132 seconds.
  path: Assets/Assets/Dj_Anim.controller
  artifactKey: Guid(c4e5e52244c3cd549aba5dec4933e0f6) Importer(815301076,1909f56bfc062723c751e8b465ee728b)
Start importing Assets/Assets/Dj_Anim.controller using Guid(c4e5e52244c3cd549aba5dec4933e0f6) Importer(815301076,1909f56bfc062723c751e8b465ee728b)  -> (artifact id: 'ff9398237787fd044a60c443f33a9701') in 0.002313 seconds
Number of updated asset objects reloaded before import = 0
Number of asset objects unloaded after import = 3
========================================================================
Received Import Request.
  Time since last request: 13.906273 seconds.
  path: Assets/Assets/djremix.fbx
  artifactKey: Guid(cd9ae1de33ef5b949a88b7caf70dfd12) Importer(815301076,1909f56bfc062723c751e8b465ee728b)
Start importing Assets/Assets/djremix.fbx using Guid(cd9ae1de33ef5b949a88b7caf70dfd12) Importer(815301076,1909f56bfc062723c751e8b465ee728b)  -> (artifact id: '247b7996c59bd0424dff4dc9dd38e96e') in 0.168948 seconds
Number of updated asset objects reloaded before import = 0
Number of asset objects unloaded after import = 195
========================================================================
Received Import Request.
  Time since last request: 16.371971 seconds.
  path: Assets/Assets/djremix.fbx
  artifactKey: Guid(cd9ae1de33ef5b949a88b7caf70dfd12) Importer(815301076,1909f56bfc062723c751e8b465ee728b)
Start importing Assets/Assets/djremix.fbx using Guid(cd9ae1de33ef5b949a88b7caf70dfd12) Importer(815301076,1909f56bfc062723c751e8b465ee728b)  -> (artifact id: 'a9348cbdcec099c48c69d9f36f41858c') in 0.315770 seconds
Number of updated asset objects reloaded before import = 0
Number of asset objects unloaded after import = 195
========================================================================
Received Import Request.
  Time since last request: 62.070470 seconds.
  path: Assets/Assets/Textures/NPC/Dj
  artifactKey: Guid(04fdcab18bab9164ca9dfa28e052b74b) Importer(815301076,1909f56bfc062723c751e8b465ee728b)
Start importing Assets/Assets/Textures/NPC/Dj using Guid(04fdcab18bab9164ca9dfa28e052b74b) Importer(815301076,1909f56bfc062723c751e8b465ee728b)  -> (artifact id: '5aa4a470b3bf9b16421cdf3e65da479f') in 0.000853 seconds
Number of updated asset objects reloaded before import = 0
Number of asset objects unloaded after import = 0
========================================================================
Received Import Request.
  Time since last request: 59.280530 seconds.
  path: Assets/Assets/Textures/NPC/Dj/baseColor.001.jpg
  artifactKey: Guid(4203dcea16be33144a3c882b6038a9c8) Importer(815301076,1909f56bfc062723c751e8b465ee728b)
Start importing Assets/Assets/Textures/NPC/Dj/baseColor.001.jpg using Guid(4203dcea16be33144a3c882b6038a9c8) Importer(815301076,1909f56bfc062723c751e8b465ee728b)  -> (artifact id: '66a444e31a64a3aeb766bdade386c1ec') in 0.024120 seconds
Number of updated asset objects reloaded before import = 0
Number of asset objects unloaded after import = 2
========================================================================
Received Import Request.
  Time since last request: 0.000017 seconds.
  path: Assets/Assets/Textures/NPC/Dj/outfit-m-cyberpunk-02-v2-bottom-D.png
  artifactKey: Guid(a37c4566fd57445499298f52026e6c7c) Importer(815301076,1909f56bfc062723c751e8b465ee728b)
Start importing Assets/Assets/Textures/NPC/Dj/outfit-m-cyberpunk-02-v2-bottom-D.png using Guid(a37c4566fd57445499298f52026e6c7c) Importer(815301076,1909f56bfc062723c751e8b465ee728b)  -> (artifact id: 'eab514dd75306762424ace0e5c53d2e7') in 0.017070 seconds
Number of updated asset objects reloaded before import = 0
Number of asset objects unloaded after import = 2
========================================================================
Received Import Request.
  Time since last request: 0.000021 seconds.
  path: Assets/Assets/Textures/NPC/Dj/outfit-m-cyberpunk-02-v2-top-E.jpg
  artifactKey: Guid(e723892515009e440bb0950ac5ad25ec) Importer(815301076,1909f56bfc062723c751e8b465ee728b)
Start importing Assets/Assets/Textures/NPC/Dj/outfit-m-cyberpunk-02-v2-top-E.jpg using Guid(e723892515009e440bb0950ac5ad25ec) Importer(815301076,1909f56bfc062723c751e8b465ee728b)  -> (artifact id: '396d4161a2d30991d6a3453bbe3330c3') in 0.020596 seconds
Number of updated asset objects reloaded before import = 0
Number of asset objects unloaded after import = 2
========================================================================
Received Import Request.
  Time since last request: 0.000022 seconds.
  path: Assets/Assets/Textures/NPC/Dj/outfit-m-cyberpunk-02-v2-footwear-D.jpg
  artifactKey: Guid(30b3145a5b8b65d4ea65d7a4a318fbe0) Importer(815301076,1909f56bfc062723c751e8b465ee728b)
Start importing Assets/Assets/Textures/NPC/Dj/outfit-m-cyberpunk-02-v2-footwear-D.jpg using Guid(30b3145a5b8b65d4ea65d7a4a318fbe0) Importer(815301076,1909f56bfc062723c751e8b465ee728b)  -> (artifact id: '981b0b257c2ddc529dbfd67cbff507c3') in 0.017106 seconds
Number of updated asset objects reloaded before import = 0
Number of asset objects unloaded after import = 2
========================================================================
Received Import Request.
  Time since last request: 108.130095 seconds.
  path: Assets/Assets/Textures/NPC/Dj/outfit-m-cyberpunk-02-v2-top-D.jpg
  artifactKey: Guid(9e701d8e7d22c414c98b9e22226443c7) Importer(815301076,1909f56bfc062723c751e8b465ee728b)
Start importing Assets/Assets/Textures/NPC/Dj/outfit-m-cyberpunk-02-v2-top-D.jpg using Guid(9e701d8e7d22c414c98b9e22226443c7) Importer(815301076,1909f56bfc062723c751e8b465ee728b)  -> (artifact id: '05e9208083e3361bc063d2f64c746326') in 0.018072 seconds
Number of updated asset objects reloaded before import = 0
Number of asset objects unloaded after import = 2
========================================================================
Received Import Request.
  Time since last request: 106.098015 seconds.
  path: Assets/Assets/Textures/NPC/Segurança/Materials
  artifactKey: Guid(b30f02c7e3e43564987df8b5f263b2d8) Importer(815301076,1909f56bfc062723c751e8b465ee728b)
Start importing Assets/Assets/Textures/NPC/Segurança/Materials using Guid(b30f02c7e3e43564987df8b5f263b2d8) Importer(815301076,1909f56bfc062723c751e8b465ee728b)  -> (artifact id: '51533e95e4e5e5affeed61f8879e0155') in 0.000607 seconds
Number of updated asset objects reloaded before import = 0
Number of asset objects unloaded after import = 0
========================================================================
Received Import Request.
  Time since last request: 0.042166 seconds.
  path: Assets/Assets/Textures/NPC/Segurança/Materials/baseColor.001.mat
  artifactKey: Guid(b5ef4c6a69922964b92fdea865278828) Importer(815301076,1909f56bfc062723c751e8b465ee728b)
Start importing Assets/Assets/Textures/NPC/Segurança/Materials/baseColor.001.mat using Guid(b5ef4c6a69922964b92fdea865278828) Importer(815301076,1909f56bfc062723c751e8b465ee728b)  -> (artifact id: '023ebe7fb45a4974a488a99997f0d3ce') in 0.018551 seconds
Number of updated asset objects reloaded before import = 0
Number of asset objects unloaded after import = 2
========================================================================
Received Import Request.
  Time since last request: 0.000022 seconds.
  path: Assets/Assets/Textures/NPC/Segurança/Materials/baseColor.003.mat
  artifactKey: Guid(a2f81a00284e80d4ea3061de78c431ad) Importer(815301076,1909f56bfc062723c751e8b465ee728b)
Start importing Assets/Assets/Textures/NPC/Segurança/Materials/baseColor.003.mat using Guid(a2f81a00284e80d4ea3061de78c431ad) Importer(815301076,1909f56bfc062723c751e8b465ee728b)  -> (artifact id: 'ea6281a6a48d09ed5581ea80ecea73bd') in 0.018109 seconds
Number of updated asset objects reloaded before import = 0
Number of asset objects unloaded after import = 2
========================================================================
Received Import Request.
  Time since last request: 0.000015 seconds.
  path: Assets/Assets/Textures/NPC/Segurança/Materials/tennis-casual-01-black-C.mat
  artifactKey: Guid(53510ce68fdd1ae48b5827349a983f86) Importer(815301076,1909f56bfc062723c751e8b465ee728b)
Start importing Assets/Assets/Textures/NPC/Segurança/Materials/tennis-casual-01-black-C.mat using Guid(53510ce68fdd1ae48b5827349a983f86) Importer(815301076,1909f56bfc062723c751e8b465ee728b)  -> (artifact id: 'bce5913c9ce2a5a9bf3b30f446a36ebd') in 0.017322 seconds
Number of updated asset objects reloaded before import = 0
Number of asset objects unloaded after import = 2
========================================================================
Received Import Request.
  Time since last request: 0.000017 seconds.
  path: Assets/Assets/Textures/NPC/Segurança/Materials/glasses_id_12_D.mat
  artifactKey: Guid(738bd1ce78a858d45a725846959c0a11) Importer(815301076,1909f56bfc062723c751e8b465ee728b)
Start importing Assets/Assets/Textures/NPC/Segurança/Materials/glasses_id_12_D.mat using Guid(738bd1ce78a858d45a725846959c0a11) Importer(815301076,1909f56bfc062723c751e8b465ee728b)  -> (artifact id: '03597fa6f8f8c4c51f10aff0569588ae') in 0.017975 seconds
Number of updated asset objects reloaded before import = 0
Number of asset objects unloaded after import = 2
========================================================================
Received Import Request.
  Time since last request: 0.000017 seconds.
  path: Assets/Assets/Textures/NPC/Segurança/Materials/hairColor.002.mat
  artifactKey: Guid(8ca2c8b941c1a8842bfb925f3c8e4c33) Importer(815301076,1909f56bfc062723c751e8b465ee728b)
Start importing Assets/Assets/Textures/NPC/Segurança/Materials/hairColor.002.mat using Guid(8ca2c8b941c1a8842bfb925f3c8e4c33) Importer(815301076,1909f56bfc062723c751e8b465ee728b)  -> (artifact id: '0fcfc2b229b7404c0efdeaf6b6752f2d') in 0.016672 seconds
Number of updated asset objects reloaded before import = 0
Number of asset objects unloaded after import = 2
========================================================================
Received Import Request.
  Time since last request: 0.000019 seconds.
  path: Assets/Assets/Textures/NPC/Segurança/Materials/Eye.mat
  artifactKey: Guid(96a0d5c5cb69691459ed13885dece4a5) Importer(815301076,1909f56bfc062723c751e8b465ee728b)
Start importing Assets/Assets/Textures/NPC/Segurança/Materials/Eye.mat using Guid(96a0d5c5cb69691459ed13885dece4a5) Importer(815301076,1909f56bfc062723c751e8b465ee728b)  -> (artifact id: '7ecfb37972b6e6d3a4965c3cfad7e3e5') in 0.018807 seconds
Number of updated asset objects reloaded before import = 0
Number of asset objects unloaded after import = 2
========================================================================
Received Import Request.
  Time since last request: 0.000026 seconds.
  path: Assets/Assets/Textures/NPC/Segurança/Materials/tshirt-01-white-C.mat
  artifactKey: Guid(239ebea8eace0254da32b7ac1bfd72df) Importer(815301076,1909f56bfc062723c751e8b465ee728b)
Start importing Assets/Assets/Textures/NPC/Segurança/Materials/tshirt-01-white-C.mat using Guid(239ebea8eace0254da32b7ac1bfd72df) Importer(815301076,1909f56bfc062723c751e8b465ee728b)  -> (artifact id: 'df572703be173d275007680dbc70e2c7') in 0.018964 seconds
Number of updated asset objects reloaded before import = 0
Number of asset objects unloaded after import = 2
========================================================================
Received Import Request.
  Time since last request: 0.000066 seconds.
  path: Assets/Assets/Textures/NPC/Segurança/Materials/outfit-m-cyberpunk-02-v2-footwear-D.mat
  artifactKey: Guid(6baecbd7243fd19448d82ae87df2232b) Importer(815301076,1909f56bfc062723c751e8b465ee728b)
Start importing Assets/Assets/Textures/NPC/Segurança/Materials/outfit-m-cyberpunk-02-v2-footwear-D.mat using Guid(6baecbd7243fd19448d82ae87df2232b) Importer(815301076,1909f56bfc062723c751e8b465ee728b)  -> (artifact id: '36e4ff235e861bd67d0d06412fa17638') in 0.019440 seconds
Number of updated asset objects reloaded before import = 0
Number of asset objects unloaded after import = 2
========================================================================
Received Prepare
Begin MonoManager ReloadAssembly
Symbol file LoadedFromMemory doesn't match image C:\Users\ojona\Documents\O-defile\O Desfile\Library\PackageCache\com.unity.visualscripting@1.8.0\Editor\VisualScripting.Core\Dependencies\YamlDotNet\Unity.VisualScripting.YamlDotNet.dll
Symbol file LoadedFromMemory doesn't match image C:\Users\ojona\Documents\O-defile\O Desfile\Library\PackageCache\com.unity.visualscripting@1.8.0\Editor\VisualScripting.Core\Dependencies\DotNetZip\Unity.VisualScripting.IonicZip.dll
- Loaded All Assemblies, in  0.703 seconds
Refreshing native plugins compatible for Editor in 5.50 ms, found 3 plugins.
Native extension for WindowsStandalone target not found
Native extension for iOS target not found
Native extension for Android target not found
Native extension for WebGL target not found
Mono: successfully reloaded assembly
- Finished resetting the current domain, in  1.154 seconds
Domain Reload Profiling: 1854ms
	BeginReloadAssembly (142ms)
		ExecutionOrderSort (0ms)
		DisableScriptedObjects (5ms)
		BackupInstance (0ms)
		ReleaseScriptingObjects (0ms)
		CreateAndSetChildDomain (42ms)
	RebuildCommonClasses (33ms)
	RebuildNativeTypeToScriptingClass (11ms)
	initialDomainReloadingComplete (32ms)
	LoadAllAssembliesAndSetupDomain (482ms)
		LoadAssemblies (275ms)
		RebuildTransferFunctionScriptingTraits (0ms)
		AnalyzeDomain (262ms)
			TypeCache.Refresh (257ms)
				TypeCache.ScanAssembly (247ms)
			ScanForSourceGeneratedMonoScriptInfo (0ms)
			ResolveRequiredComponents (5ms)
	FinalizeReload (1155ms)
		ReleaseScriptCaches (0ms)
		RebuildScriptCaches (0ms)
		SetupLoadedEditorAssemblies (450ms)
			LogAssemblyErrors (0ms)
			InitializePlatformSupportModulesInManaged (43ms)
			SetLoadedEditorAssemblies (3ms)
			RefreshPlugins (0ms)
			BeforeProcessingInitializeOnLoad (71ms)
			ProcessInitializeOnLoadAttributes (303ms)
			ProcessInitializeOnLoadMethodAttributes (20ms)
			AfterProcessingInitializeOnLoad (11ms)
			EditorAssembliesLoaded (0ms)
		ExecutionOrderSort2 (0ms)
		AwakeInstancesAfterBackupRestoration (7ms)
Refreshing native plugins compatible for Editor in 5.80 ms, found 3 plugins.
Preloading 0 native plugins for Editor in 0.00 ms.
Unloading 3277 Unused Serialized files (Serialized files now loaded: 0)
Unloading 20 unused Assets / (101.0 KB). Loaded Objects now: 3828.
Memory consumption went from 129.1 MB to 129.0 MB.
Total: 4.086700 ms (FindLiveObjects: 0.361900 ms CreateObjectMapping: 0.089300 ms MarkObjects: 3.552200 ms  DeleteObjects: 0.081600 ms)

Prepare: number of updated asset objects reloaded= 0
AssetImportParameters requested are different than current active one (requested -> active):
  custom:container-demuxer-ogg: 62fdf1f143b41e24485cea50d1cbac27 -> 
  custom:video-decoder-ogg-theora: a1e56fd34408186e4bbccfd4996cb3dc -> 
  custom:framework-win-MediaFoundation: 216162199b28c13a410421893ffa2e32 -> 
  custom:container-demuxer-webm: 4f35f7cbe854078d1ac9338744f61a02 -> 
  custom:container-muxer-webm: aa71ff27fc2769a1b78a27578f13a17b -> 
  custom:video-decoder-webm-vp8: 9c59270c3fd7afecdb556c50c9e8de78 -> 
  custom:AudioImporter_EditorPlatform: d09bf68614088b80899f8185d706f6e7 -> 
  custom:video-encoder-webm-vp8: eb34c28f22e8b96e1ab97ce403110664 -> 
  custom:audio-decoder-ogg-vorbis: bf7c407c2cedff20999df2af8eb42d56 -> 
  custom:audio-encoder-webm-vorbis: bf7c407c2cedff20999df2af8eb42d56 -> 
========================================================================
Received Import Request.
  Time since last request: 267.295107 seconds.
  path: Assets/PolygonCity/Prefabs/Buildings/SM_Bld_OfficeOctagon_Base_01.prefab
  artifactKey: Guid(a5aca9c9ef39b0a49835b3ee43077679) Importer(815301076,1909f56bfc062723c751e8b465ee728b)
Start importing Assets/PolygonCity/Prefabs/Buildings/SM_Bld_OfficeOctagon_Base_01.prefab using Guid(a5aca9c9ef39b0a49835b3ee43077679) Importer(815301076,1909f56bfc062723c751e8b465ee728b)  -> (artifact id: '62caea9d8957e6d79705093138d31888') in 0.157575 seconds
Number of updated asset objects reloaded before import = 0
Number of asset objects unloaded after import = 22
========================================================================
Received Import Request.
  Time since last request: 1.382325 seconds.
  path: Assets/PolygonCity/Prefabs/Buildings/SM_Bld_OfficeRound_Base_01.prefab
  artifactKey: Guid(d8907e78c2c985144ab39a324c8597ea) Importer(815301076,1909f56bfc062723c751e8b465ee728b)
Start importing Assets/PolygonCity/Prefabs/Buildings/SM_Bld_OfficeRound_Base_01.prefab using Guid(d8907e78c2c985144ab39a324c8597ea) Importer(815301076,1909f56bfc062723c751e8b465ee728b)  -> (artifact id: 'de440d00c090b5eedd059f5c335612d4') in 0.040273 seconds
Number of updated asset objects reloaded before import = 0
Number of asset objects unloaded after import = 22
========================================================================
Received Import Request.
  Time since last request: 3.945255 seconds.
  path: Assets/PolygonCity/Prefabs/Buildings/SM_Bld_OfficeSquare_Base_01.prefab
  artifactKey: Guid(e2b1e7ce58c743c4d8d59a66eec6422b) Importer(815301076,1909f56bfc062723c751e8b465ee728b)
Start importing Assets/PolygonCity/Prefabs/Buildings/SM_Bld_OfficeSquare_Base_01.prefab using Guid(e2b1e7ce58c743c4d8d59a66eec6422b) Importer(815301076,1909f56bfc062723c751e8b465ee728b)  -> (artifact id: '47845572fae778a5809e4f0f71efee50') in 0.038211 seconds
Number of updated asset objects reloaded before import = 0
Number of asset objects unloaded after import = 19
========================================================================
Received Import Request.
  Time since last request: 4.040539 seconds.
  path: Assets/PolygonCity/Prefabs/Buildings/SM_Bld_Shop_01.prefab
  artifactKey: Guid(ade248290e90bae40b4a349101c343c8) Importer(815301076,1909f56bfc062723c751e8b465ee728b)
Start importing Assets/PolygonCity/Prefabs/Buildings/SM_Bld_Shop_01.prefab using Guid(ade248290e90bae40b4a349101c343c8) Importer(815301076,1909f56bfc062723c751e8b465ee728b)  -> (artifact id: '20ac510fbd2ef3dbbc4526d996543d32') in 0.027840 seconds
Number of updated asset objects reloaded before import = 0
Number of asset objects unloaded after import = 22
========================================================================
Received Import Request.
  Time since last request: 0.000017 seconds.
  path: Assets/PolygonCity/Prefabs/Buildings/SM_Bld_Shop_03.prefab
  artifactKey: Guid(e390f42c7625c914e9082218b571c91a) Importer(815301076,1909f56bfc062723c751e8b465ee728b)
Start importing Assets/PolygonCity/Prefabs/Buildings/SM_Bld_Shop_03.prefab using Guid(e390f42c7625c914e9082218b571c91a) Importer(815301076,1909f56bfc062723c751e8b465ee728b)  -> (artifact id: 'b7b86ed0a72894af4cb9c643f1bd2300') in 0.024872 seconds
Number of updated asset objects reloaded before import = 0
Number of asset objects unloaded after import = 22
========================================================================
Received Import Request.
  Time since last request: 0.000015 seconds.
  path: Assets/PolygonCity/Prefabs/Buildings/SM_Bld_Shop_02.prefab
  artifactKey: Guid(694588147c2fd7e41b0105d7054a7f1a) Importer(815301076,1909f56bfc062723c751e8b465ee728b)
Start importing Assets/PolygonCity/Prefabs/Buildings/SM_Bld_Shop_02.prefab using Guid(694588147c2fd7e41b0105d7054a7f1a) Importer(815301076,1909f56bfc062723c751e8b465ee728b)  -> (artifact id: '6b80b33c967e35b98a3695793882360a') in 0.034646 seconds
Number of updated asset objects reloaded before import = 0
Number of asset objects unloaded after import = 22
========================================================================
Received Import Request.
  Time since last request: 2.080365 seconds.
  path: Assets/PolygonCity/Prefabs/Buildings/SM_Bld_Shop_04.prefab
  artifactKey: Guid(6e1b6bb6069c8c446bf14668e5eda0b4) Importer(815301076,1909f56bfc062723c751e8b465ee728b)
Start importing Assets/PolygonCity/Prefabs/Buildings/SM_Bld_Shop_04.prefab using Guid(6e1b6bb6069c8c446bf14668e5eda0b4) Importer(815301076,1909f56bfc062723c751e8b465ee728b)  -> (artifact id: 'c3317f2b82c5e45f9579838ed9fdd9c1') in 0.035631 seconds
Number of updated asset objects reloaded before import = 0
Number of asset objects unloaded after import = 22
========================================================================
Received Import Request.
  Time since last request: 0.000012 seconds.
  path: Assets/PolygonCity/Prefabs/Buildings/SM_Bld_Shop_05.prefab
  artifactKey: Guid(77dd7072ed0a2784d87c474eb9a288b7) Importer(815301076,1909f56bfc062723c751e8b465ee728b)
Start importing Assets/PolygonCity/Prefabs/Buildings/SM_Bld_Shop_05.prefab using Guid(77dd7072ed0a2784d87c474eb9a288b7) Importer(815301076,1909f56bfc062723c751e8b465ee728b)  -> (artifact id: '9d1c4464607e495236f47372be956901') in 0.033574 seconds
Number of updated asset objects reloaded before import = 0
Number of asset objects unloaded after import = 22
========================================================================
Received Import Request.
  Time since last request: 0.000019 seconds.
  path: Assets/PolygonCity/Prefabs/Buildings/SM_Bld_Shop_Corner_02.prefab
  artifactKey: Guid(6c5d6f00dd2f1d34e8b206b956e60329) Importer(815301076,1909f56bfc062723c751e8b465ee728b)
Start importing Assets/PolygonCity/Prefabs/Buildings/SM_Bld_Shop_Corner_02.prefab using Guid(6c5d6f00dd2f1d34e8b206b956e60329) Importer(815301076,1909f56bfc062723c751e8b465ee728b)  -> (artifact id: '42d468ddcabf248258b1dce2cf3a9dc9') in 0.032872 seconds
Number of updated asset objects reloaded before import = 0
Number of asset objects unloaded after import = 20
========================================================================
Received Import Request.
  Time since last request: 0.000015 seconds.
  path: Assets/PolygonCity/Prefabs/Buildings/SM_Bld_Shop_Corner_01.prefab
  artifactKey: Guid(ea45161d31d19c540af5f5091648f652) Importer(815301076,1909f56bfc062723c751e8b465ee728b)
Start importing Assets/PolygonCity/Prefabs/Buildings/SM_Bld_Shop_Corner_01.prefab using Guid(ea45161d31d19c540af5f5091648f652) Importer(815301076,1909f56bfc062723c751e8b465ee728b)  -> (artifact id: '1db01936c7c1614e675303b1f4527c9f') in 0.023283 seconds
Number of updated asset objects reloaded before import = 0
Number of asset objects unloaded after import = 22
========================================================================
Received Prepare
Begin MonoManager ReloadAssembly
Symbol file LoadedFromMemory doesn't match image C:\Users\ojona\Documents\O-defile\O Desfile\Library\PackageCache\com.unity.visualscripting@1.8.0\Editor\VisualScripting.Core\Dependencies\YamlDotNet\Unity.VisualScripting.YamlDotNet.dll
Symbol file LoadedFromMemory doesn't match image C:\Users\ojona\Documents\O-defile\O Desfile\Library\PackageCache\com.unity.visualscripting@1.8.0\Editor\VisualScripting.Core\Dependencies\DotNetZip\Unity.VisualScripting.IonicZip.dll
- Loaded All Assemblies, in  0.741 seconds
Refreshing native plugins compatible for Editor in 5.32 ms, found 3 plugins.
Native extension for WindowsStandalone target not found
Native extension for iOS target not found
Native extension for Android target not found
Native extension for WebGL target not found
Mono: successfully reloaded assembly
- Finished resetting the current domain, in  1.203 seconds
Domain Reload Profiling: 1942ms
	BeginReloadAssembly (133ms)
		ExecutionOrderSort (0ms)
		DisableScriptedObjects (5ms)
		BackupInstance (0ms)
		ReleaseScriptingObjects (0ms)
		CreateAndSetChildDomain (35ms)
	RebuildCommonClasses (36ms)
	RebuildNativeTypeToScriptingClass (11ms)
	initialDomainReloadingComplete (31ms)
	LoadAllAssembliesAndSetupDomain (528ms)
		LoadAssemblies (255ms)
		RebuildTransferFunctionScriptingTraits (0ms)
		AnalyzeDomain (326ms)
			TypeCache.Refresh (320ms)
				TypeCache.ScanAssembly (305ms)
			ScanForSourceGeneratedMonoScriptInfo (0ms)
			ResolveRequiredComponents (6ms)
	FinalizeReload (1203ms)
		ReleaseScriptCaches (0ms)
		RebuildScriptCaches (0ms)
		SetupLoadedEditorAssemblies (467ms)
			LogAssemblyErrors (0ms)
			InitializePlatformSupportModulesInManaged (46ms)
			SetLoadedEditorAssemblies (5ms)
			RefreshPlugins (0ms)
			BeforeProcessingInitializeOnLoad (78ms)
			ProcessInitializeOnLoadAttributes (309ms)
			ProcessInitializeOnLoadMethodAttributes (20ms)
			AfterProcessingInitializeOnLoad (11ms)
			EditorAssembliesLoaded (0ms)
		ExecutionOrderSort2 (0ms)
		AwakeInstancesAfterBackupRestoration (7ms)
Refreshing native plugins compatible for Editor in 6.71 ms, found 3 plugins.
Preloading 0 native plugins for Editor in 0.00 ms.
Unloading 3277 Unused Serialized files (Serialized files now loaded: 0)
Unloading 20 unused Assets / (101.1 KB). Loaded Objects now: 3843.
Memory consumption went from 129.1 MB to 129.0 MB.
Total: 4.265700 ms (FindLiveObjects: 0.501000 ms CreateObjectMapping: 0.121800 ms MarkObjects: 3.567700 ms  DeleteObjects: 0.074200 ms)

Prepare: number of updated asset objects reloaded= 0
AssetImportParameters requested are different than current active one (requested -> active):
  custom:container-demuxer-ogg: 62fdf1f143b41e24485cea50d1cbac27 -> 
  custom:video-decoder-ogg-theora: a1e56fd34408186e4bbccfd4996cb3dc -> 
  custom:framework-win-MediaFoundation: 216162199b28c13a410421893ffa2e32 -> 
  custom:container-demuxer-webm: 4f35f7cbe854078d1ac9338744f61a02 -> 
  custom:container-muxer-webm: aa71ff27fc2769a1b78a27578f13a17b -> 
  custom:video-decoder-webm-vp8: 9c59270c3fd7afecdb556c50c9e8de78 -> 
  custom:AudioImporter_EditorPlatform: d09bf68614088b80899f8185d706f6e7 -> 
  custom:video-encoder-webm-vp8: eb34c28f22e8b96e1ab97ce403110664 -> 
  custom:audio-decoder-ogg-vorbis: bf7c407c2cedff20999df2af8eb42d56 -> 
  custom:audio-encoder-webm-vorbis: bf7c407c2cedff20999df2af8eb42d56 -> 
========================================================================
Received Import Request.
  Time since last request: 421.435460 seconds.
  path: Assets/Assets/djremix.fbx
  artifactKey: Guid(cd9ae1de33ef5b949a88b7caf70dfd12) Importer(815301076,1909f56bfc062723c751e8b465ee728b)
Start importing Assets/Assets/djremix.fbx using Guid(cd9ae1de33ef5b949a88b7caf70dfd12) Importer(815301076,1909f56bfc062723c751e8b465ee728b)  -> (artifact id: '4600795fbf2aca648de0ddd3bba85b41') in 0.391699 seconds
Number of updated asset objects reloaded before import = 0
Number of asset objects unloaded after import = 195
========================================================================
Received Import Request.
  Time since last request: 210.796410 seconds.
  path: Assets/Assets/djremix.fbx
  artifactKey: Guid(cd9ae1de33ef5b949a88b7caf70dfd12) Importer(815301076,1909f56bfc062723c751e8b465ee728b)
Start importing Assets/Assets/djremix.fbx using Guid(cd9ae1de33ef5b949a88b7caf70dfd12) Importer(815301076,1909f56bfc062723c751e8b465ee728b)  -> (artifact id: '9ee5e6cae5429383024d870a72abb0c4') in 0.183351 seconds
Number of updated asset objects reloaded before import = 0
Number of asset objects unloaded after import = 195
========================================================================
Received Import Request.
  Time since last request: 68.703721 seconds.
  path: Assets/Assets/djremix.fbx
  artifactKey: Guid(cd9ae1de33ef5b949a88b7caf70dfd12) Importer(815301076,1909f56bfc062723c751e8b465ee728b)
Start importing Assets/Assets/djremix.fbx using Guid(cd9ae1de33ef5b949a88b7caf70dfd12) Importer(815301076,1909f56bfc062723c751e8b465ee728b)  -> (artifact id: '142823ccdc17c3b94e17778ced58f5ec') in 0.182805 seconds
Number of updated asset objects reloaded before import = 0
Number of asset objects unloaded after import = 195
========================================================================
Received Import Request.
  Time since last request: 409.607684 seconds.
  path: Assets/Assets/djremix.fbx
  artifactKey: Guid(cd9ae1de33ef5b949a88b7caf70dfd12) Importer(815301076,1909f56bfc062723c751e8b465ee728b)
Start importing Assets/Assets/djremix.fbx using Guid(cd9ae1de33ef5b949a88b7caf70dfd12) Importer(815301076,1909f56bfc062723c751e8b465ee728b)  -> (artifact id: 'fd0d572e9e1f54fca7842fdc30c7db14') in 0.264533 seconds
Number of updated asset objects reloaded before import = 0
Number of asset objects unloaded after import = 199
========================================================================
Received Import Request.
  Time since last request: 18.667916 seconds.
  path: Assets/Assets/Textures/NPC/Dj/Materials
  artifactKey: Guid(9ea62a5630c264345993e13d4aa01507) Importer(815301076,1909f56bfc062723c751e8b465ee728b)
Start importing Assets/Assets/Textures/NPC/Dj/Materials using Guid(9ea62a5630c264345993e13d4aa01507) Importer(815301076,1909f56bfc062723c751e8b465ee728b)  -> (artifact id: '0e5b10ed83f9c553c7344288fddc34d4') in 0.000983 seconds
Number of updated asset objects reloaded before import = 0
Number of asset objects unloaded after import = 0
========================================================================
Received Import Request.
  Time since last request: 0.052761 seconds.
  path: Assets/Assets/Textures/NPC/Dj/Materials/baseColor.001.mat
  artifactKey: Guid(a89a0107cdecd6949b2453916d70a962) Importer(815301076,1909f56bfc062723c751e8b465ee728b)
Start importing Assets/Assets/Textures/NPC/Dj/Materials/baseColor.001.mat using Guid(a89a0107cdecd6949b2453916d70a962) Importer(815301076,1909f56bfc062723c751e8b465ee728b)  -> (artifact id: '12217c6070613be3d080044121619ce8') in 0.017258 seconds
Number of updated asset objects reloaded before import = 0
Number of asset objects unloaded after import = 2
========================================================================
Received Import Request.
  Time since last request: 0.000020 seconds.
  path: Assets/Assets/Textures/NPC/Dj/Materials/outfit-m-cyberpunk-02-v2-footwear-D.mat
  artifactKey: Guid(086ab3147f3515c499d6c73d3cc7e47a) Importer(815301076,1909f56bfc062723c751e8b465ee728b)
Start importing Assets/Assets/Textures/NPC/Dj/Materials/outfit-m-cyberpunk-02-v2-footwear-D.mat using Guid(086ab3147f3515c499d6c73d3cc7e47a) Importer(815301076,1909f56bfc062723c751e8b465ee728b)  -> (artifact id: '81d06108d6f7255a2b4e0ac1dd529e23') in 0.017273 seconds
Number of updated asset objects reloaded before import = 0
Number of asset objects unloaded after import = 2
========================================================================
Received Import Request.
  Time since last request: 0.000017 seconds.
  path: Assets/Assets/Textures/NPC/Dj/Materials/outfit-m-cyberpunk-02-v2-top-D.mat
  artifactKey: Guid(8b3c1f4f4befef84ca8accdbc4ac1c9a) Importer(815301076,1909f56bfc062723c751e8b465ee728b)
Start importing Assets/Assets/Textures/NPC/Dj/Materials/outfit-m-cyberpunk-02-v2-top-D.mat using Guid(8b3c1f4f4befef84ca8accdbc4ac1c9a) Importer(815301076,1909f56bfc062723c751e8b465ee728b)  -> (artifact id: '0ad950b4165b9edddf2fef9455a29e05') in 0.018340 seconds
Number of updated asset objects reloaded before import = 0
Number of asset objects unloaded after import = 2
========================================================================
Received Import Request.
  Time since last request: 0.000025 seconds.
  path: Assets/Assets/Textures/NPC/Dj/Materials/outfit-m-cyberpunk-02-v2-top-E.mat
  artifactKey: Guid(999e2856097a13448918b9215b36e9e3) Importer(815301076,1909f56bfc062723c751e8b465ee728b)
Start importing Assets/Assets/Textures/NPC/Dj/Materials/outfit-m-cyberpunk-02-v2-top-E.mat using Guid(999e2856097a13448918b9215b36e9e3) Importer(815301076,1909f56bfc062723c751e8b465ee728b)  -> (artifact id: 'abc38c69745f1eb54927e2f75add487d') in 0.019099 seconds
Number of updated asset objects reloaded before import = 0
Number of asset objects unloaded after import = 2
========================================================================
Received Import Request.
  Time since last request: 0.000017 seconds.
  path: Assets/Assets/Textures/NPC/Dj/Materials/outfit-m-cyberpunk-02-v2-bottom-D.mat
  artifactKey: Guid(434bd2cdc19bccf4b9a5173136952420) Importer(815301076,1909f56bfc062723c751e8b465ee728b)
Start importing Assets/Assets/Textures/NPC/Dj/Materials/outfit-m-cyberpunk-02-v2-bottom-D.mat using Guid(434bd2cdc19bccf4b9a5173136952420) Importer(815301076,1909f56bfc062723c751e8b465ee728b)  -> (artifact id: 'b3fe8ff60478c784c4b9480bcf42182e') in 0.020904 seconds
Number of updated asset objects reloaded before import = 0
Number of asset objects unloaded after import = 2
========================================================================
Received Prepare
Begin MonoManager ReloadAssembly
Symbol file LoadedFromMemory doesn't match image C:\Users\ojona\Documents\O-defile\O Desfile\Library\PackageCache\com.unity.visualscripting@1.8.0\Editor\VisualScripting.Core\Dependencies\YamlDotNet\Unity.VisualScripting.YamlDotNet.dll
Symbol file LoadedFromMemory doesn't match image C:\Users\ojona\Documents\O-defile\O Desfile\Library\PackageCache\com.unity.visualscripting@1.8.0\Editor\VisualScripting.Core\Dependencies\DotNetZip\Unity.VisualScripting.IonicZip.dll
- Loaded All Assemblies, in  0.830 seconds
Refreshing native plugins compatible for Editor in 5.34 ms, found 3 plugins.
Native extension for WindowsStandalone target not found
Native extension for iOS target not found
Native extension for Android target not found
Native extension for WebGL target not found
Mono: successfully reloaded assembly
- Finished resetting the current domain, in  1.179 seconds
Domain Reload Profiling: 2005ms
	BeginReloadAssembly (141ms)
		ExecutionOrderSort (0ms)
		DisableScriptedObjects (4ms)
		BackupInstance (0ms)
		ReleaseScriptingObjects (0ms)
		CreateAndSetChildDomain (38ms)
	RebuildCommonClasses (33ms)
	RebuildNativeTypeToScriptingClass (11ms)
	initialDomainReloadingComplete (32ms)
	LoadAllAssembliesAndSetupDomain (609ms)
		LoadAssemblies (364ms)
		RebuildTransferFunctionScriptingTraits (0ms)
		AnalyzeDomain (304ms)
			TypeCache.Refresh (298ms)
				TypeCache.ScanAssembly (286ms)
			ScanForSourceGeneratedMonoScriptInfo (0ms)
			ResolveRequiredComponents (6ms)
	FinalizeReload (1180ms)
		ReleaseScriptCaches (0ms)
		RebuildScriptCaches (0ms)
		SetupLoadedEditorAssemblies (482ms)
			LogAssemblyErrors (0ms)
			InitializePlatformSupportModulesInManaged (48ms)
			SetLoadedEditorAssemblies (3ms)
			RefreshPlugins (0ms)
			BeforeProcessingInitializeOnLoad (72ms)
			ProcessInitializeOnLoadAttributes (325ms)
			ProcessInitializeOnLoadMethodAttributes (21ms)
			AfterProcessingInitializeOnLoad (11ms)
			EditorAssembliesLoaded (0ms)
		ExecutionOrderSort2 (0ms)
		AwakeInstancesAfterBackupRestoration (8ms)
Refreshing native plugins compatible for Editor in 4.59 ms, found 3 plugins.
Preloading 0 native plugins for Editor in 0.00 ms.
Unloading 3277 Unused Serialized files (Serialized files now loaded: 0)
Unloading 20 unused Assets / (101.0 KB). Loaded Objects now: 3858.
Memory consumption went from 129.2 MB to 129.1 MB.
Total: 4.109100 ms (FindLiveObjects: 0.529300 ms CreateObjectMapping: 0.288700 ms MarkObjects: 3.219600 ms  DeleteObjects: 0.070500 ms)

Prepare: number of updated asset objects reloaded= 0
AssetImportParameters requested are different than current active one (requested -> active):
  custom:container-demuxer-ogg: 62fdf1f143b41e24485cea50d1cbac27 -> 
  custom:video-decoder-ogg-theora: a1e56fd34408186e4bbccfd4996cb3dc -> 
  custom:framework-win-MediaFoundation: 216162199b28c13a410421893ffa2e32 -> 
  custom:container-demuxer-webm: 4f35f7cbe854078d1ac9338744f61a02 -> 
  custom:container-muxer-webm: aa71ff27fc2769a1b78a27578f13a17b -> 
  custom:video-decoder-webm-vp8: 9c59270c3fd7afecdb556c50c9e8de78 -> 
  custom:AudioImporter_EditorPlatform: d09bf68614088b80899f8185d706f6e7 -> 
  custom:video-encoder-webm-vp8: eb34c28f22e8b96e1ab97ce403110664 -> 
  custom:audio-decoder-ogg-vorbis: bf7c407c2cedff20999df2af8eb42d56 -> 
  custom:audio-encoder-webm-vorbis: bf7c407c2cedff20999df2af8eb42d56 -> 
========================================================================
Received Import Request.
  Time since last request: 113.264732 seconds.
  path: Assets/Assets/djremix 1.fbx
  artifactKey: Guid(9aaf5f3bb2a273e43b191c21986fc8a2) Importer(815301076,1909f56bfc062723c751e8b465ee728b)
Start importing Assets/Assets/djremix 1.fbx using Guid(9aaf5f3bb2a273e43b191c21986fc8a2) Importer(815301076,1909f56bfc062723c751e8b465ee728b)  -> (artifact id: '9f4e6a6caae0efc6c3114391a012a31b') in 0.338011 seconds
Number of updated asset objects reloaded before import = 0
Number of asset objects unloaded after import = 199
========================================================================
Received Import Request.
  Time since last request: 10.219264 seconds.
  path: Assets/Assets/djremix.fbx
  artifactKey: Guid(cd9ae1de33ef5b949a88b7caf70dfd12) Importer(815301076,1909f56bfc062723c751e8b465ee728b)
Start importing Assets/Assets/djremix.fbx using Guid(cd9ae1de33ef5b949a88b7caf70dfd12) Importer(815301076,1909f56bfc062723c751e8b465ee728b)  -> (artifact id: 'a091dfaecf1e8af90e512259e1eeb01f') in 0.265053 seconds
Number of updated asset objects reloaded before import = 0
Number of asset objects unloaded after import = 199
========================================================================
Received Import Request.
  Time since last request: 44.110346 seconds.
  path: Assets/Assets/djremix.fbx
  artifactKey: Guid(cd9ae1de33ef5b949a88b7caf70dfd12) Importer(815301076,1909f56bfc062723c751e8b465ee728b)
Start importing Assets/Assets/djremix.fbx using Guid(cd9ae1de33ef5b949a88b7caf70dfd12) Importer(815301076,1909f56bfc062723c751e8b465ee728b)  -> (artifact id: '4d38f35b486686e4812fa85fef834c8c') in 0.181551 seconds
Number of updated asset objects reloaded before import = 0
Number of asset objects unloaded after import = 199
========================================================================
Received Prepare
Begin MonoManager ReloadAssembly
Symbol file LoadedFromMemory doesn't match image C:\Users\ojona\Documents\O-defile\O Desfile\Library\PackageCache\com.unity.visualscripting@1.8.0\Editor\VisualScripting.Core\Dependencies\YamlDotNet\Unity.VisualScripting.YamlDotNet.dll
Symbol file LoadedFromMemory doesn't match image C:\Users\ojona\Documents\O-defile\O Desfile\Library\PackageCache\com.unity.visualscripting@1.8.0\Editor\VisualScripting.Core\Dependencies\DotNetZip\Unity.VisualScripting.IonicZip.dll
- Loaded All Assemblies, in  0.640 seconds
Refreshing native plugins compatible for Editor in 3.81 ms, found 3 plugins.
Native extension for WindowsStandalone target not found
Native extension for iOS target not found
Native extension for Android target not found
Native extension for WebGL target not found
Mono: successfully reloaded assembly
- Finished resetting the current domain, in  1.016 seconds
Domain Reload Profiling: 1653ms
	BeginReloadAssembly (132ms)
		ExecutionOrderSort (0ms)
		DisableScriptedObjects (5ms)
		BackupInstance (0ms)
		ReleaseScriptingObjects (0ms)
		CreateAndSetChildDomain (35ms)
	RebuildCommonClasses (35ms)
	RebuildNativeTypeToScriptingClass (11ms)
	initialDomainReloadingComplete (29ms)
	LoadAllAssembliesAndSetupDomain (430ms)
		LoadAssemblies (240ms)
		RebuildTransferFunctionScriptingTraits (0ms)
		AnalyzeDomain (244ms)
			TypeCache.Refresh (239ms)
				TypeCache.ScanAssembly (230ms)
			ScanForSourceGeneratedMonoScriptInfo (0ms)
			ResolveRequiredComponents (5ms)
	FinalizeReload (1017ms)
		ReleaseScriptCaches (0ms)
		RebuildScriptCaches (0ms)
		SetupLoadedEditorAssemblies (443ms)
			LogAssemblyErrors (0ms)
			InitializePlatformSupportModulesInManaged (43ms)
			SetLoadedEditorAssemblies (4ms)
			RefreshPlugins (0ms)
			BeforeProcessingInitializeOnLoad (67ms)
			ProcessInitializeOnLoadAttributes (298ms)
			ProcessInitializeOnLoadMethodAttributes (19ms)
			AfterProcessingInitializeOnLoad (10ms)
			EditorAssembliesLoaded (0ms)
		ExecutionOrderSort2 (0ms)
		AwakeInstancesAfterBackupRestoration (7ms)
Refreshing native plugins compatible for Editor in 5.95 ms, found 3 plugins.
Preloading 0 native plugins for Editor in 0.00 ms.
Unloading 3277 Unused Serialized files (Serialized files now loaded: 0)
Unloading 20 unused Assets / (101.0 KB). Loaded Objects now: 3873.
Memory consumption went from 129.3 MB to 129.2 MB.
Total: 3.462000 ms (FindLiveObjects: 0.387500 ms CreateObjectMapping: 0.151000 ms MarkObjects: 2.850400 ms  DeleteObjects: 0.071400 ms)

Prepare: number of updated asset objects reloaded= 0
AssetImportParameters requested are different than current active one (requested -> active):
  custom:container-demuxer-ogg: 62fdf1f143b41e24485cea50d1cbac27 -> 
  custom:video-decoder-ogg-theora: a1e56fd34408186e4bbccfd4996cb3dc -> 
  custom:framework-win-MediaFoundation: 216162199b28c13a410421893ffa2e32 -> 
  custom:container-demuxer-webm: 4f35f7cbe854078d1ac9338744f61a02 -> 
  custom:container-muxer-webm: aa71ff27fc2769a1b78a27578f13a17b -> 
  custom:video-decoder-webm-vp8: 9c59270c3fd7afecdb556c50c9e8de78 -> 
  custom:AudioImporter_EditorPlatform: d09bf68614088b80899f8185d706f6e7 -> 
  custom:video-encoder-webm-vp8: eb34c28f22e8b96e1ab97ce403110664 -> 
  custom:audio-decoder-ogg-vorbis: bf7c407c2cedff20999df2af8eb42d56 -> 
  custom:audio-encoder-webm-vorbis: bf7c407c2cedff20999df2af8eb42d56 -> 
========================================================================
Received Prepare
Begin MonoManager ReloadAssembly
Symbol file LoadedFromMemory doesn't match image C:\Users\ojona\Documents\O-defile\O Desfile\Library\PackageCache\com.unity.visualscripting@1.8.0\Editor\VisualScripting.Core\Dependencies\YamlDotNet\Unity.VisualScripting.YamlDotNet.dll
Symbol file LoadedFromMemory doesn't match image C:\Users\ojona\Documents\O-defile\O Desfile\Library\PackageCache\com.unity.visualscripting@1.8.0\Editor\VisualScripting.Core\Dependencies\DotNetZip\Unity.VisualScripting.IonicZip.dll
- Loaded All Assemblies, in  0.714 seconds
Refreshing native plugins compatible for Editor in 4.58 ms, found 3 plugins.
Native extension for WindowsStandalone target not found
Native extension for iOS target not found
Native extension for Android target not found
Native extension for WebGL target not found
Mono: successfully reloaded assembly
- Finished resetting the current domain, in  1.181 seconds
Domain Reload Profiling: 1893ms
	BeginReloadAssembly (160ms)
		ExecutionOrderSort (0ms)
		DisableScriptedObjects (6ms)
		BackupInstance (0ms)
		ReleaseScriptingObjects (0ms)
		CreateAndSetChildDomain (55ms)
	RebuildCommonClasses (33ms)
	RebuildNativeTypeToScriptingClass (10ms)
	initialDomainReloadingComplete (30ms)
	LoadAllAssembliesAndSetupDomain (477ms)
		LoadAssemblies (274ms)
		RebuildTransferFunctionScriptingTraits (0ms)
		AnalyzeDomain (263ms)
			TypeCache.Refresh (258ms)
				TypeCache.ScanAssembly (244ms)
			ScanForSourceGeneratedMonoScriptInfo (0ms)
			ResolveRequiredComponents (5ms)
	FinalizeReload (1182ms)
		ReleaseScriptCaches (0ms)
		RebuildScriptCaches (0ms)
		SetupLoadedEditorAssemblies (439ms)
			LogAssemblyErrors (0ms)
			InitializePlatformSupportModulesInManaged (48ms)
			SetLoadedEditorAssemblies (3ms)
			RefreshPlugins (0ms)
			BeforeProcessingInitializeOnLoad (72ms)
			ProcessInitializeOnLoadAttributes (286ms)
			ProcessInitializeOnLoadMethodAttributes (19ms)
			AfterProcessingInitializeOnLoad (10ms)
			EditorAssembliesLoaded (0ms)
		ExecutionOrderSort2 (0ms)
		AwakeInstancesAfterBackupRestoration (7ms)
Refreshing native plugins compatible for Editor in 4.60 ms, found 3 plugins.
Preloading 0 native plugins for Editor in 0.00 ms.
Unloading 3277 Unused Serialized files (Serialized files now loaded: 0)
Unloading 20 unused Assets / (101.1 KB). Loaded Objects now: 3888.
Memory consumption went from 129.3 MB to 129.2 MB.
Total: 3.852600 ms (FindLiveObjects: 0.476300 ms CreateObjectMapping: 0.112100 ms MarkObjects: 3.124700 ms  DeleteObjects: 0.138300 ms)

Prepare: number of updated asset objects reloaded= 0
AssetImportParameters requested are different than current active one (requested -> active):
  custom:container-demuxer-ogg: 62fdf1f143b41e24485cea50d1cbac27 -> 
  custom:video-decoder-ogg-theora: a1e56fd34408186e4bbccfd4996cb3dc -> 
  custom:framework-win-MediaFoundation: 216162199b28c13a410421893ffa2e32 -> 
  custom:container-demuxer-webm: 4f35f7cbe854078d1ac9338744f61a02 -> 
  custom:container-muxer-webm: aa71ff27fc2769a1b78a27578f13a17b -> 
  custom:video-decoder-webm-vp8: 9c59270c3fd7afecdb556c50c9e8de78 -> 
  custom:AudioImporter_EditorPlatform: d09bf68614088b80899f8185d706f6e7 -> 
  custom:video-encoder-webm-vp8: eb34c28f22e8b96e1ab97ce403110664 -> 
  custom:audio-decoder-ogg-vorbis: bf7c407c2cedff20999df2af8eb42d56 -> 
  custom:audio-encoder-webm-vorbis: bf7c407c2cedff20999df2af8eb42d56 -> 
========================================================================
Received Prepare
Begin MonoManager ReloadAssembly
Symbol file LoadedFromMemory doesn't match image C:\Users\ojona\Documents\O-defile\O Desfile\Library\PackageCache\com.unity.visualscripting@1.8.0\Editor\VisualScripting.Core\Dependencies\YamlDotNet\Unity.VisualScripting.YamlDotNet.dll
Symbol file LoadedFromMemory doesn't match image C:\Users\ojona\Documents\O-defile\O Desfile\Library\PackageCache\com.unity.visualscripting@1.8.0\Editor\VisualScripting.Core\Dependencies\DotNetZip\Unity.VisualScripting.IonicZip.dll
- Loaded All Assemblies, in  0.638 seconds
Refreshing native plugins compatible for Editor in 4.24 ms, found 3 plugins.
Native extension for WindowsStandalone target not found
Native extension for iOS target not found
Native extension for Android target not found
Native extension for WebGL target not found
Mono: successfully reloaded assembly
- Finished resetting the current domain, in  0.932 seconds
Domain Reload Profiling: 1567ms
	BeginReloadAssembly (128ms)
		ExecutionOrderSort (0ms)
		DisableScriptedObjects (5ms)
		BackupInstance (0ms)
		ReleaseScriptingObjects (0ms)
		CreateAndSetChildDomain (32ms)
	RebuildCommonClasses (32ms)
	RebuildNativeTypeToScriptingClass (11ms)
	initialDomainReloadingComplete (29ms)
	LoadAllAssembliesAndSetupDomain (435ms)
		LoadAssemblies (244ms)
		RebuildTransferFunctionScriptingTraits (0ms)
		AnalyzeDomain (246ms)
			TypeCache.Refresh (241ms)
				TypeCache.ScanAssembly (232ms)
			ScanForSourceGeneratedMonoScriptInfo (0ms)
			ResolveRequiredComponents (5ms)
	FinalizeReload (933ms)
		ReleaseScriptCaches (0ms)
		RebuildScriptCaches (0ms)
		SetupLoadedEditorAssemblies (430ms)
			LogAssemblyErrors (0ms)
			InitializePlatformSupportModulesInManaged (44ms)
			SetLoadedEditorAssemblies (3ms)
			RefreshPlugins (0ms)
			BeforeProcessingInitializeOnLoad (69ms)
			ProcessInitializeOnLoadAttributes (284ms)
			ProcessInitializeOnLoadMethodAttributes (19ms)
			AfterProcessingInitializeOnLoad (10ms)
			EditorAssembliesLoaded (0ms)
		ExecutionOrderSort2 (0ms)
		AwakeInstancesAfterBackupRestoration (7ms)
Refreshing native plugins compatible for Editor in 5.25 ms, found 3 plugins.
Preloading 0 native plugins for Editor in 0.00 ms.
Unloading 3277 Unused Serialized files (Serialized files now loaded: 0)
Unloading 20 unused Assets / (101.1 KB). Loaded Objects now: 3903.
Memory consumption went from 129.4 MB to 129.3 MB.
Total: 3.694700 ms (FindLiveObjects: 0.419900 ms CreateObjectMapping: 0.094500 ms MarkObjects: 3.045800 ms  DeleteObjects: 0.133100 ms)

Prepare: number of updated asset objects reloaded= 0
AssetImportParameters requested are different than current active one (requested -> active):
  custom:container-demuxer-ogg: 62fdf1f143b41e24485cea50d1cbac27 -> 
  custom:video-decoder-ogg-theora: a1e56fd34408186e4bbccfd4996cb3dc -> 
  custom:framework-win-MediaFoundation: 216162199b28c13a410421893ffa2e32 -> 
  custom:container-demuxer-webm: 4f35f7cbe854078d1ac9338744f61a02 -> 
  custom:container-muxer-webm: aa71ff27fc2769a1b78a27578f13a17b -> 
  custom:video-decoder-webm-vp8: 9c59270c3fd7afecdb556c50c9e8de78 -> 
  custom:AudioImporter_EditorPlatform: d09bf68614088b80899f8185d706f6e7 -> 
  custom:video-encoder-webm-vp8: eb34c28f22e8b96e1ab97ce403110664 -> 
  custom:audio-decoder-ogg-vorbis: bf7c407c2cedff20999df2af8eb42d56 -> 
  custom:audio-encoder-webm-vorbis: bf7c407c2cedff20999df2af8eb42d56 -> 
========================================================================
Received Import Request.
  Time since last request: 3015.302297 seconds.
  path: Assets/Assets/djremix.controller
  artifactKey: Guid(bd38329870640c2499bb973860aa1acc) Importer(815301076,1909f56bfc062723c751e8b465ee728b)
Start importing Assets/Assets/djremix.controller using Guid(bd38329870640c2499bb973860aa1acc) Importer(815301076,1909f56bfc062723c751e8b465ee728b)  -> (artifact id: '1229569f8350b2728fd3b88b946ea97d') in 0.022621 seconds
Number of updated asset objects reloaded before import = 0
Number of asset objects unloaded after import = 4
========================================================================
Received Import Request.
  Time since last request: 1.815051 seconds.
  path: Assets/Assets/djremix 1.controller
  artifactKey: Guid(19897b4f06d81104691e9c1bae16c68a) Importer(815301076,1909f56bfc062723c751e8b465ee728b)
Start importing Assets/Assets/djremix 1.controller using Guid(19897b4f06d81104691e9c1bae16c68a) Importer(815301076,1909f56bfc062723c751e8b465ee728b)  -> (artifact id: 'bf9c76eaf8265eca00c9e2ee5057d0f2') in 0.002209 seconds
Number of updated asset objects reloaded before import = 0
Number of asset objects unloaded after import = 4
========================================================================
Received Import Request.
  Time since last request: 7.009171 seconds.
  path: Assets/Assets/Walking.anim
  artifactKey: Guid(ffab89f855c3192438b48be11576d5d8) Importer(815301076,1909f56bfc062723c751e8b465ee728b)
Start importing Assets/Assets/Walking.anim using Guid(ffab89f855c3192438b48be11576d5d8) Importer(815301076,1909f56bfc062723c751e8b465ee728b)  -> (artifact id: 'aa5fcda1c3215a311c9c778ba62142a9') in 0.019520 seconds
Number of updated asset objects reloaded before import = 0
Number of asset objects unloaded after import = 1
========================================================================
Received Import Request.
  Time since last request: 18.181599 seconds.
  path: Assets/Assets/NPC
  artifactKey: Guid(be20341a2aa77c94d849bd05860324f3) Importer(815301076,1909f56bfc062723c751e8b465ee728b)
Start importing Assets/Assets/NPC using Guid(be20341a2aa77c94d849bd05860324f3) Importer(815301076,1909f56bfc062723c751e8b465ee728b)  -> (artifact id: 'eebfdb2e3af55bfb24ef2036a525c76f') in 0.000566 seconds
Number of updated asset objects reloaded before import = 0
Number of asset objects unloaded after import = 0
========================================================================
Received Import Request.
  Time since last request: 24.535567 seconds.
  path: Assets/Assets/NPC/Chicken Dance.fbx
  artifactKey: Guid(a1f37850962e01c46b572ea10822c294) Importer(815301076,1909f56bfc062723c751e8b465ee728b)
Start importing Assets/Assets/NPC/Chicken Dance.fbx using Guid(a1f37850962e01c46b572ea10822c294) Importer(815301076,1909f56bfc062723c751e8b465ee728b)  -> (artifact id: 'c84119bf55dc620269210c6fa9aca6ab') in 0.276145 seconds
Number of updated asset objects reloaded before import = 0
Number of asset objects unloaded after import = 198
========================================================================
Received Import Request.
  Time since last request: 0.000026 seconds.
  path: Assets/Assets/NPC/Walking (2).fbx
  artifactKey: Guid(6f557da3e131299439ea52766d64d90c) Importer(815301076,1909f56bfc062723c751e8b465ee728b)
Start importing Assets/Assets/NPC/Walking (2).fbx using Guid(6f557da3e131299439ea52766d64d90c) Importer(815301076,1909f56bfc062723c751e8b465ee728b)  -> (artifact id: '8977ad6650d48df25ccd67393e81480c') in 0.004317 seconds
Number of updated asset objects reloaded before import = 0
Number of asset objects unloaded after import = 135
========================================================================
Received Import Request.
  Time since last request: 418.380757 seconds.
  path: Assets/Assets/NPC/Chicken Dance.fbx
  artifactKey: Guid(a1f37850962e01c46b572ea10822c294) Importer(815301076,1909f56bfc062723c751e8b465ee728b)
Start importing Assets/Assets/NPC/Chicken Dance.fbx using Guid(a1f37850962e01c46b572ea10822c294) Importer(815301076,1909f56bfc062723c751e8b465ee728b)  -> (artifact id: '2732cb2d292c242a68d7c4407a4fa03d') in 0.005502 seconds
Number of updated asset objects reloaded before import = 0
Number of asset objects unloaded after import = 135
========================================================================
Received Import Request.
  Time since last request: 0.000013 seconds.
  path: Assets/Assets/NPC/Walking.fbx
  artifactKey: Guid(56ac1cd6dc0995a4aac215cf21aa3540) Importer(815301076,1909f56bfc062723c751e8b465ee728b)
Start importing Assets/Assets/NPC/Walking.fbx using Guid(56ac1cd6dc0995a4aac215cf21aa3540) Importer(815301076,1909f56bfc062723c751e8b465ee728b)  -> (artifact id: 'edcfdfddb4d31d30baff365c4b1e6dbc') in 0.240417 seconds
Number of updated asset objects reloaded before import = 0
Number of asset objects unloaded after import = 198
========================================================================
Received Import Request.
  Time since last request: 6.659183 seconds.
  path: Assets/Assets/NPC/mixamo.com.anim
  artifactKey: Guid(673aab1c222b5e841829c96843899733) Importer(815301076,1909f56bfc062723c751e8b465ee728b)
Start importing Assets/Assets/NPC/mixamo.com.anim using Guid(673aab1c222b5e841829c96843899733) Importer(815301076,1909f56bfc062723c751e8b465ee728b)  -> (artifact id: 'fbc5eb7f5db6e87dd052b2ae158b118b') in 0.072605 seconds
Number of updated asset objects reloaded before import = 0
Number of asset objects unloaded after import = 1
========================================================================
Received Import Request.
  Time since last request: 3.393075 seconds.
  path: Assets/Assets/NPC/Chicken Dance.anim
  artifactKey: Guid(673aab1c222b5e841829c96843899733) Importer(815301076,1909f56bfc062723c751e8b465ee728b)
Start importing Assets/Assets/NPC/Chicken Dance.anim using Guid(673aab1c222b5e841829c96843899733) Importer(815301076,1909f56bfc062723c751e8b465ee728b)  -> (artifact id: '93f18d40a77d103785faf8df9fc9dfd0') in 0.073716 seconds
Number of updated asset objects reloaded before import = 0
Number of asset objects unloaded after import = 1
========================================================================
Received Import Request.
  Time since last request: 15.141791 seconds.
  path: Assets/Assets/Anim/Chicken Dance.anim
  artifactKey: Guid(673aab1c222b5e841829c96843899733) Importer(815301076,1909f56bfc062723c751e8b465ee728b)
Start importing Assets/Assets/Anim/Chicken Dance.anim using Guid(673aab1c222b5e841829c96843899733) Importer(815301076,1909f56bfc062723c751e8b465ee728b)  -> (artifact id: '0b95a85bb1e5d28d45f8027bda39fd5c') in 0.073093 seconds
Number of updated asset objects reloaded before import = 0
Number of asset objects unloaded after import = 1
========================================================================
Received Import Request.
  Time since last request: 13.067571 seconds.
  path: Assets/Assets/NPC/Mulher.fbx
  artifactKey: Guid(56ac1cd6dc0995a4aac215cf21aa3540) Importer(815301076,1909f56bfc062723c751e8b465ee728b)
Start importing Assets/Assets/NPC/Mulher.fbx using Guid(56ac1cd6dc0995a4aac215cf21aa3540) Importer(815301076,1909f56bfc062723c751e8b465ee728b)  -> (artifact id: '72e33412fc67e5c7e92f7b95f05a810e') in 0.193634 seconds
Number of updated asset objects reloaded before import = 0
Number of asset objects unloaded after import = 198
========================================================================
Received Import Request.
  Time since last request: 3.875727 seconds.
  path: Assets/Assets/NPC/Homem.fbx
  artifactKey: Guid(eeca0ff9334ea1448964e006f895c417) Importer(815301076,1909f56bfc062723c751e8b465ee728b)
Start importing Assets/Assets/NPC/Homem.fbx using Guid(eeca0ff9334ea1448964e006f895c417) Importer(815301076,1909f56bfc062723c751e8b465ee728b)  -> (artifact id: 'aa231cef672e327e63b6d70a60f50c3d') in 0.227076 seconds
Number of updated asset objects reloaded before import = 0
Number of asset objects unloaded after import = 192
========================================================================
Received Import Request.
  Time since last request: 17.895254 seconds.
  path: Assets/Assets/PreFabs/Cantor.prefab
  artifactKey: Guid(9d8019c77f63c8f4885c34f2de1fa88f) Importer(815301076,1909f56bfc062723c751e8b465ee728b)
Start importing Assets/Assets/PreFabs/Cantor.prefab using Guid(9d8019c77f63c8f4885c34f2de1fa88f) Importer(815301076,1909f56bfc062723c751e8b465ee728b)  -> (artifact id: 'd60b984b3df6db531fba38f6a7dbe270') in 0.261427 seconds
Internal: There are remaining Allocations on the JobTempAlloc. This is a leak, and will impact performance
To Debug, run app with -diag-job-temp-memory-leak-validation cmd line argument. This will output the callstacks of the leaked allocations.
Number of updated asset objects reloaded before import = 0
Number of asset objects unloaded after import = 383
========================================================================
Received Import Request.
  Time since last request: 0.000025 seconds.
  path: Assets/Assets/PreFabs/Segurança.prefab
  artifactKey: Guid(2b16496321528df45bfaf3d7fdf9e958) Importer(815301076,1909f56bfc062723c751e8b465ee728b)
Start importing Assets/Assets/PreFabs/Segurança.prefab using Guid(2b16496321528df45bfaf3d7fdf9e958) Importer(815301076,1909f56bfc062723c751e8b465ee728b)  -> (artifact id: '5c233b0a5043b7339b125ab27ae5debe') in 0.039231 seconds
Internal: There are remaining Allocations on the JobTempAlloc. This is a leak, and will impact performance
To Debug, run app with -diag-job-temp-memory-leak-validation cmd line argument. This will output the callstacks of the leaked allocations.
Number of updated asset objects reloaded before import = 0
Number of asset objects unloaded after import = 388
========================================================================
Received Import Request.
  Time since last request: 0.000024 seconds.
  path: Assets/Assets/PreFabs/Homem.prefab
  artifactKey: Guid(43b3ed58998518146877f1473d9bbfc1) Importer(815301076,1909f56bfc062723c751e8b465ee728b)
Start importing Assets/Assets/PreFabs/Homem.prefab using Guid(43b3ed58998518146877f1473d9bbfc1) Importer(815301076,1909f56bfc062723c751e8b465ee728b)  -> (artifact id: '0da9537b276d2e6eeec81839cfa2d554') in 0.059560 seconds
Internal: There are remaining Allocations on the JobTempAlloc. This is a leak, and will impact performance
To Debug, run app with -diag-job-temp-memory-leak-validation cmd line argument. This will output the callstacks of the leaked allocations.
Number of updated asset objects reloaded before import = 0
Number of asset objects unloaded after import = 379
========================================================================
Received Import Request.
  Time since last request: 140.487465 seconds.
  path: Assets/Assets/Textures/baseColor.003.jpg
  artifactKey: Guid(c0b63f9bcb687204c8c12ee3fbc48453) Importer(815301076,1909f56bfc062723c751e8b465ee728b)
Start importing Assets/Assets/Textures/baseColor.003.jpg using Guid(c0b63f9bcb687204c8c12ee3fbc48453) Importer(815301076,1909f56bfc062723c751e8b465ee728b)  -> (artifact id: '02407635549a7ce6700ed9b8f6a68726') in 0.023051 seconds
Internal: There are remaining Allocations on the JobTempAlloc. This is a leak, and will impact performance
To Debug, run app with -diag-job-temp-memory-leak-validation cmd line argument. This will output the callstacks of the leaked allocations.
Number of updated asset objects reloaded before import = 0
Number of asset objects unloaded after import = 2
========================================================================
Received Import Request.
  Time since last request: 10.877455 seconds.
  path: Assets/Assets/Textures/baseColor.001.jpg
  artifactKey: Guid(6b4a7f4df60e99e45b5a6961c323efd8) Importer(815301076,1909f56bfc062723c751e8b465ee728b)
Start importing Assets/Assets/Textures/baseColor.001.jpg using Guid(6b4a7f4df60e99e45b5a6961c323efd8) Importer(815301076,1909f56bfc062723c751e8b465ee728b)  -> (artifact id: '77c511ff51fbfbe6656b56e82dddbbe3') in 0.017611 seconds
Internal: There are remaining Allocations on the JobTempAlloc. This is a leak, and will impact performance
To Debug, run app with -diag-job-temp-memory-leak-validation cmd line argument. This will output the callstacks of the leaked allocations.
Number of updated asset objects reloaded before import = 0
Number of asset objects unloaded after import = 2
========================================================================
Received Import Request.
  Time since last request: 68.641783 seconds.
  path: Assets/Assets/NPC/Segurança.fbx
  artifactKey: Guid(576194501e1acbc4b8efda12d07c4d9b) Importer(815301076,1909f56bfc062723c751e8b465ee728b)
Start importing Assets/Assets/NPC/Segurança.fbx using Guid(576194501e1acbc4b8efda12d07c4d9b) Importer(815301076,1909f56bfc062723c751e8b465ee728b)  -> (artifact id: 'ae5d5741682aece1aa012867f5105fb3') in 0.266861 seconds
Internal: There are remaining Allocations on the JobTempAlloc. This is a leak, and will impact performance
To Debug, run app with -diag-job-temp-memory-leak-validation cmd line argument. This will output the callstacks of the leaked allocations.
Number of updated asset objects reloaded before import = 0
Number of asset objects unloaded after import = 207
========================================================================
Received Import Request.
  Time since last request: 15.922082 seconds.
  path: Assets/Assets/NPC/Mulher.fbx
  artifactKey: Guid(56ac1cd6dc0995a4aac215cf21aa3540) Importer(815301076,1909f56bfc062723c751e8b465ee728b)
Start importing Assets/Assets/NPC/Mulher.fbx using Guid(56ac1cd6dc0995a4aac215cf21aa3540) Importer(815301076,1909f56bfc062723c751e8b465ee728b)  -> (artifact id: '86be8bb67e12f1c9713379d065806287') in 0.193472 seconds
Internal: There are remaining Allocations on the JobTempAlloc. This is a leak, and will impact performance
To Debug, run app with -diag-job-temp-memory-leak-validation cmd line argument. This will output the callstacks of the leaked allocations.
Number of updated asset objects reloaded before import = 0
Number of asset objects unloaded after import = 198
========================================================================
Received Import Request.
  Time since last request: 28.765594 seconds.
  path: Assets/Assets/NPC/Mulher.controller
  artifactKey: Guid(555e7029d4f88e74c81f2b3f500cd252) Importer(815301076,1909f56bfc062723c751e8b465ee728b)
Start importing Assets/Assets/NPC/Mulher.controller using Guid(555e7029d4f88e74c81f2b3f500cd252) Importer(815301076,1909f56bfc062723c751e8b465ee728b)  -> (artifact id: 'e38917b7f10f7475d2f04e7788597c6a') in 0.002270 seconds
Internal: There are remaining Allocations on the JobTempAlloc. This is a leak, and will impact performance
To Debug, run app with -diag-job-temp-memory-leak-validation cmd line argument. This will output the callstacks of the leaked allocations.
Number of updated asset objects reloaded before import = 0
Number of asset objects unloaded after import = 4
========================================================================
Received Import Request.
  Time since last request: 64.631027 seconds.
  path: Assets/Assets/PreFabs/Segurança.prefab
  artifactKey: Guid(2b16496321528df45bfaf3d7fdf9e958) Importer(815301076,1909f56bfc062723c751e8b465ee728b)
Start importing Assets/Assets/PreFabs/Segurança.prefab using Guid(2b16496321528df45bfaf3d7fdf9e958) Importer(815301076,1909f56bfc062723c751e8b465ee728b)  -> (artifact id: '8f6d2e8da60be3327f3308d1320cb34a') in 0.031051 seconds
Internal: JobTempAlloc has allocations that are more than the maximum lifespan of 4 frames old - this is not allowed and likely a leak
To Debug, run app with -diag-job-temp-memory-leak-validation cmd line argument. This will output the callstacks of the leaked allocations.
Internal: There are remaining Allocations on the JobTempAlloc. This is a leak, and will impact performance
To Debug, run app with -diag-job-temp-memory-leak-validation cmd line argument. This will output the callstacks of the leaked allocations.
Number of updated asset objects reloaded before import = 0
Number of asset objects unloaded after import = 389
========================================================================
Received Import Request.
  Time since last request: 2.385655 seconds.
  path: Assets/Assets/PreFabs/Mulher.prefab
  artifactKey: Guid(a217092753c2f134ea29609e6bcf4953) Importer(815301076,1909f56bfc062723c751e8b465ee728b)
Start importing Assets/Assets/PreFabs/Mulher.prefab using Guid(a217092753c2f134ea29609e6bcf4953) Importer(815301076,1909f56bfc062723c751e8b465ee728b)  -> (artifact id: '0a7d3d76f405907111beb918c26fff93') in 0.033066 seconds
Internal: There are remaining Allocations on the JobTempAlloc. This is a leak, and will impact performance
To Debug, run app with -diag-job-temp-memory-leak-validation cmd line argument. This will output the callstacks of the leaked allocations.
Number of updated asset objects reloaded before import = 0
Number of asset objects unloaded after import = 391
========================================================================
Received Prepare
Begin MonoManager ReloadAssembly
Internal: deleting an allocation that is older than its permitted lifetime of 4 frames (age = 8)
Internal: deleting an allocation that is older than its permitted lifetime of 4 frames (age = 8)
Internal: deleting an allocation that is older than its permitted lifetime of 4 frames (age = 9)
Internal: deleting an allocation that is older than its permitted lifetime of 4 frames (age = 9)
Internal: deleting an allocation that is older than its permitted lifetime of 4 frames (age = 10)
Internal: deleting an allocation that is older than its permitted lifetime of 4 frames (age = 10)
Symbol file LoadedFromMemory doesn't match image C:\Users\ojona\Documents\O-defile\O Desfile\Library\PackageCache\com.unity.visualscripting@1.8.0\Editor\VisualScripting.Core\Dependencies\YamlDotNet\Unity.VisualScripting.YamlDotNet.dll
Symbol file LoadedFromMemory doesn't match image C:\Users\ojona\Documents\O-defile\O Desfile\Library\PackageCache\com.unity.visualscripting@1.8.0\Editor\VisualScripting.Core\Dependencies\DotNetZip\Unity.VisualScripting.IonicZip.dll
- Loaded All Assemblies, in  0.658 seconds
Refreshing native plugins compatible for Editor in 4.34 ms, found 3 plugins.
Native extension for WindowsStandalone target not found
Native extension for iOS target not found
Native extension for Android target not found
Native extension for WebGL target not found
Mono: successfully reloaded assembly
- Finished resetting the current domain, in  0.929 seconds
Domain Reload Profiling: 1584ms
	BeginReloadAssembly (138ms)
		ExecutionOrderSort (0ms)
		DisableScriptedObjects (4ms)
		BackupInstance (0ms)
		ReleaseScriptingObjects (0ms)
		CreateAndSetChildDomain (37ms)
	RebuildCommonClasses (34ms)
	RebuildNativeTypeToScriptingClass (11ms)
	initialDomainReloadingComplete (29ms)
	LoadAllAssembliesAndSetupDomain (443ms)
		LoadAssemblies (249ms)
		RebuildTransferFunctionScriptingTraits (0ms)
		AnalyzeDomain (252ms)
			TypeCache.Refresh (245ms)
				TypeCache.ScanAssembly (234ms)
			ScanForSourceGeneratedMonoScriptInfo (2ms)
			ResolveRequiredComponents (4ms)
	FinalizeReload (929ms)
		ReleaseScriptCaches (0ms)
		RebuildScriptCaches (0ms)
		SetupLoadedEditorAssemblies (373ms)
			LogAssemblyErrors (0ms)
			InitializePlatformSupportModulesInManaged (34ms)
			SetLoadedEditorAssemblies (3ms)
			RefreshPlugins (0ms)
			BeforeProcessingInitializeOnLoad (67ms)
			ProcessInitializeOnLoadAttributes (244ms)
			ProcessInitializeOnLoadMethodAttributes (16ms)
			AfterProcessingInitializeOnLoad (9ms)
			EditorAssembliesLoaded (0ms)
		ExecutionOrderSort2 (0ms)
		AwakeInstancesAfterBackupRestoration (7ms)
Refreshing native plugins compatible for Editor in 4.16 ms, found 3 plugins.
Preloading 0 native plugins for Editor in 0.00 ms.
Unloading 3277 Unused Serialized files (Serialized files now loaded: 0)
Unloading 20 unused Assets / (101.0 KB). Loaded Objects now: 3919.
Memory consumption went from 129.9 MB to 129.8 MB.
Total: 4.104300 ms (FindLiveObjects: 0.398800 ms CreateObjectMapping: 0.088900 ms MarkObjects: 3.543700 ms  DeleteObjects: 0.071800 ms)

Prepare: number of updated asset objects reloaded= 0
AssetImportParameters requested are different than current active one (requested -> active):
  custom:container-demuxer-ogg: 62fdf1f143b41e24485cea50d1cbac27 -> 
  custom:video-decoder-ogg-theora: a1e56fd34408186e4bbccfd4996cb3dc -> 
  custom:framework-win-MediaFoundation: 216162199b28c13a410421893ffa2e32 -> 
  custom:container-demuxer-webm: 4f35f7cbe854078d1ac9338744f61a02 -> 
  custom:container-muxer-webm: aa71ff27fc2769a1b78a27578f13a17b -> 
  custom:video-decoder-webm-vp8: 9c59270c3fd7afecdb556c50c9e8de78 -> 
  custom:AudioImporter_EditorPlatform: d09bf68614088b80899f8185d706f6e7 -> 
  custom:video-encoder-webm-vp8: eb34c28f22e8b96e1ab97ce403110664 -> 
  custom:audio-decoder-ogg-vorbis: bf7c407c2cedff20999df2af8eb42d56 -> 
  custom:audio-encoder-webm-vorbis: bf7c407c2cedff20999df2af8eb42d56 -> 
========================================================================
Received Import Request.
  Time since last request: 113.283447 seconds.
  path: Assets/Assets/PreFabs/Mulher.prefab
  artifactKey: Guid(a217092753c2f134ea29609e6bcf4953) Importer(815301076,1909f56bfc062723c751e8b465ee728b)
Start importing Assets/Assets/PreFabs/Mulher.prefab using Guid(a217092753c2f134ea29609e6bcf4953) Importer(815301076,1909f56bfc062723c751e8b465ee728b)  -> (artifact id: 'a6be44f080ed2aff41a70aed7a38a47d') in 0.105474 seconds
Internal: There are remaining Allocations on the JobTempAlloc. This is a leak, and will impact performance
To Debug, run app with -diag-job-temp-memory-leak-validation cmd line argument. This will output the callstacks of the leaked allocations.
Number of updated asset objects reloaded before import = 0
Number of asset objects unloaded after import = 392
========================================================================
Received Prepare
Begin MonoManager ReloadAssembly
Symbol file LoadedFromMemory doesn't match image C:\Users\ojona\Documents\O-defile\O Desfile\Library\PackageCache\com.unity.visualscripting@1.8.0\Editor\VisualScripting.Core\Dependencies\YamlDotNet\Unity.VisualScripting.YamlDotNet.dll
Symbol file LoadedFromMemory doesn't match image C:\Users\ojona\Documents\O-defile\O Desfile\Library\PackageCache\com.unity.visualscripting@1.8.0\Editor\VisualScripting.Core\Dependencies\DotNetZip\Unity.VisualScripting.IonicZip.dll
- Loaded All Assemblies, in  0.637 seconds
Refreshing native plugins compatible for Editor in 4.17 ms, found 3 plugins.
Native extension for WindowsStandalone target not found
Native extension for iOS target not found
Native extension for Android target not found
Native extension for WebGL target not found
Mono: successfully reloaded assembly
- Finished resetting the current domain, in  0.975 seconds
Domain Reload Profiling: 1609ms
	BeginReloadAssembly (130ms)
		ExecutionOrderSort (0ms)
		DisableScriptedObjects (4ms)
		BackupInstance (0ms)
		ReleaseScriptingObjects (0ms)
		CreateAndSetChildDomain (33ms)
	RebuildCommonClasses (33ms)
	RebuildNativeTypeToScriptingClass (11ms)
	initialDomainReloadingComplete (29ms)
	LoadAllAssembliesAndSetupDomain (431ms)
		LoadAssemblies (239ms)
		RebuildTransferFunctionScriptingTraits (0ms)
		AnalyzeDomain (246ms)
			TypeCache.Refresh (242ms)
				TypeCache.ScanAssembly (232ms)
			ScanForSourceGeneratedMonoScriptInfo (0ms)
			ResolveRequiredComponents (4ms)
	FinalizeReload (976ms)
		ReleaseScriptCaches (0ms)
		RebuildScriptCaches (0ms)
		SetupLoadedEditorAssemblies (435ms)
			LogAssemblyErrors (0ms)
			InitializePlatformSupportModulesInManaged (41ms)
			SetLoadedEditorAssemblies (3ms)
			RefreshPlugins (0ms)
			BeforeProcessingInitializeOnLoad (67ms)
			ProcessInitializeOnLoadAttributes (295ms)
			ProcessInitializeOnLoadMethodAttributes (17ms)
			AfterProcessingInitializeOnLoad (11ms)
			EditorAssembliesLoaded (0ms)
		ExecutionOrderSort2 (0ms)
		AwakeInstancesAfterBackupRestoration (6ms)
Refreshing native plugins compatible for Editor in 6.57 ms, found 3 plugins.
Preloading 0 native plugins for Editor in 0.00 ms.
Unloading 3277 Unused Serialized files (Serialized files now loaded: 0)
Unloading 20 unused Assets / (101.0 KB). Loaded Objects now: 3934.
Memory consumption went from 129.9 MB to 129.8 MB.
Total: 5.809500 ms (FindLiveObjects: 0.603000 ms CreateObjectMapping: 0.256400 ms MarkObjects: 4.809400 ms  DeleteObjects: 0.139500 ms)

Prepare: number of updated asset objects reloaded= 0
AssetImportParameters requested are different than current active one (requested -> active):
  custom:container-demuxer-ogg: 62fdf1f143b41e24485cea50d1cbac27 -> 
  custom:video-decoder-ogg-theora: a1e56fd34408186e4bbccfd4996cb3dc -> 
  custom:framework-win-MediaFoundation: 216162199b28c13a410421893ffa2e32 -> 
  custom:container-demuxer-webm: 4f35f7cbe854078d1ac9338744f61a02 -> 
  custom:container-muxer-webm: aa71ff27fc2769a1b78a27578f13a17b -> 
  custom:video-decoder-webm-vp8: 9c59270c3fd7afecdb556c50c9e8de78 -> 
  custom:AudioImporter_EditorPlatform: d09bf68614088b80899f8185d706f6e7 -> 
  custom:video-encoder-webm-vp8: eb34c28f22e8b96e1ab97ce403110664 -> 
  custom:audio-decoder-ogg-vorbis: bf7c407c2cedff20999df2af8eb42d56 -> 
  custom:audio-encoder-webm-vorbis: bf7c407c2cedff20999df2af8eb42d56 -> 
========================================================================
Received Import Request.
  Time since last request: 56.770746 seconds.
  path: Assets/Assets/PreFabs/Mulher.prefab
  artifactKey: Guid(a217092753c2f134ea29609e6bcf4953) Importer(815301076,1909f56bfc062723c751e8b465ee728b)
Start importing Assets/Assets/PreFabs/Mulher.prefab using Guid(a217092753c2f134ea29609e6bcf4953) Importer(815301076,1909f56bfc062723c751e8b465ee728b)  -> (artifact id: '98c78319ce5fc4241cf8700fd6cf005c') in 0.185204 seconds
Internal: There are remaining Allocations on the JobTempAlloc. This is a leak, and will impact performance
To Debug, run app with -diag-job-temp-memory-leak-validation cmd line argument. This will output the callstacks of the leaked allocations.
Number of updated asset objects reloaded before import = 0
Number of asset objects unloaded after import = 396
